{"/Users/rfarrer/repos/system-props/example/src/App.tsx": {"path":"/Users/rfarrer/repos/system-props/example/src/App.tsx","statementMap":{"0":{"start":{"line":1,"column":0},"end":{"line":1,"column":26}},"1":{"start":{"line":2,"column":0},"end":{"line":2,"column":55}},"2":{"start":{"line":3,"column":0},"end":{"line":3,"column":80}},"3":{"start":{"line":4,"column":0},"end":{"line":4,"column":45}},"4":{"start":{"line":6,"column":12},"end":{"line":78,"column":1}},"5":{"start":{"line":7,"column":2},"end":{"line":77,"column":4}},"6":{"start":{"line":80,"column":0},"end":{"line":80,"column":19}}},"fnMap":{"0":{"name":"(anonymous_0)","decl":{"start":{"line":6,"column":12},"end":{"line":6,"column":15}},"loc":{"start":{"line":6,"column":17},"end":{"line":78,"column":1}}}},"branchMap":{},"s":{"0":0,"1":0,"2":0,"3":0,"4":0,"5":0,"6":0},"f":{"0":0},"b":{}}
,"/Users/rfarrer/repos/system-props/example/src/box-emotion.tsx": {"path":"/Users/rfarrer/repos/system-props/example/src/box-emotion.tsx","statementMap":{"0":{"start":{"line":1,"column":0},"end":{"line":1,"column":68}},"1":{"start":{"line":2,"column":0},"end":{"line":2,"column":37}},"2":{"start":{"line":3,"column":0},"end":{"line":3,"column":49}},"3":{"start":{"line":4,"column":0},"end":{"line":4,"column":57}},"4":{"start":{"line":6,"column":15},"end":{"line":6,"column":29}},"5":{"start":{"line":8,"column":13},"end":{"line":13,"column":2}},"6":{"start":{"line":10,"column":4},"end":{"line":10,"column":76}},"7":{"start":{"line":12,"column":2},"end":{"line":12,"column":16}}},"fnMap":{"0":{"name":"(anonymous_0)","decl":{"start":{"line":9,"column":21},"end":{"line":9,"column":22}},"loc":{"start":{"line":10,"column":4},"end":{"line":10,"column":76}}},"1":{"name":"(anonymous_1)","decl":{"start":{"line":11,"column":58},"end":{"line":11,"column":59}},"loc":{"start":{"line":12,"column":2},"end":{"line":12,"column":16}}}},"branchMap":{"0":{"loc":{"start":{"line":10,"column":4},"end":{"line":10,"column":28}},"type":"binary-expr","locations":[{"start":{"line":10,"column":4},"end":{"line":10,"column":28}},{"start":{"line":10,"column":32},"end":{"line":10,"column":55}},{"start":{"line":10,"column":59},"end":{"line":10,"column":76}}]}},"s":{"0":1,"1":1,"2":1,"3":1,"4":1,"5":1,"6":4,"7":1},"f":{"0":4,"1":1},"b":{"0":[4,4,3]}}
,"/Users/rfarrer/repos/system-props/example/src/box-styled-components-transient-props.tsx": {"path":"/Users/rfarrer/repos/system-props/example/src/box-styled-components-transient-props.tsx","statementMap":{"0":{"start":{"line":2,"column":0},"end":{"line":2,"column":null}},"1":{"start":{"line":9,"column":0},"end":{"line":9,"column":58}},"2":{"start":{"line":10,"column":0},"end":{"line":10,"column":39}},"3":{"start":{"line":12,"column":15},"end":{"line":12,"column":29}},"4":{"start":{"line":14,"column":24},"end":{"line":19,"column":6}},"5":{"start":{"line":15,"column":2},"end":{"line":18,"column":4}},"6":{"start":{"line":30,"column":13},"end":{"line":37,"column":2}},"7":{"start":{"line":32,"column":4},"end":{"line":32,"column":54}},"8":{"start":{"line":36,"column":24},"end":{"line":36,"column":38}}},"fnMap":{"0":{"name":"(anonymous_0)","decl":{"start":{"line":14,"column":54},"end":{"line":14,"column":55}},"loc":{"start":{"line":14,"column":77},"end":{"line":19,"column":1}}},"1":{"name":"(anonymous_1)","decl":{"start":{"line":31,"column":21},"end":{"line":31,"column":22}},"loc":{"start":{"line":32,"column":4},"end":{"line":32,"column":54}}},"2":{"name":"(anonymous_2)","decl":{"start":{"line":36,"column":2},"end":{"line":36,"column":3}},"loc":{"start":{"line":36,"column":24},"end":{"line":36,"column":38}}}},"branchMap":{"0":{"loc":{"start":{"line":32,"column":4},"end":{"line":32,"column":27}},"type":"binary-expr","locations":[{"start":{"line":32,"column":4},"end":{"line":32,"column":27}},{"start":{"line":32,"column":31},"end":{"line":32,"column":54}}]}},"s":{"0":0,"1":0,"2":0,"3":0,"4":0,"5":0,"6":0,"7":0,"8":0},"f":{"0":0,"1":0,"2":0},"b":{"0":[0,0]}}
,"/Users/rfarrer/repos/system-props/example/src/box-styled-components.tsx": {"path":"/Users/rfarrer/repos/system-props/example/src/box-styled-components.tsx","statementMap":{"0":{"start":{"line":1,"column":0},"end":{"line":1,"column":68}},"1":{"start":{"line":2,"column":0},"end":{"line":2,"column":57}},"2":{"start":{"line":3,"column":0},"end":{"line":3,"column":39}},"3":{"start":{"line":5,"column":15},"end":{"line":5,"column":29}},"4":{"start":{"line":7,"column":13},"end":{"line":12,"column":2}},"5":{"start":{"line":9,"column":4},"end":{"line":9,"column":54}},"6":{"start":{"line":11,"column":2},"end":{"line":11,"column":16}}},"fnMap":{"0":{"name":"(anonymous_0)","decl":{"start":{"line":8,"column":21},"end":{"line":8,"column":22}},"loc":{"start":{"line":9,"column":4},"end":{"line":9,"column":54}}},"1":{"name":"(anonymous_1)","decl":{"start":{"line":10,"column":58},"end":{"line":10,"column":59}},"loc":{"start":{"line":11,"column":2},"end":{"line":11,"column":16}}}},"branchMap":{"0":{"loc":{"start":{"line":9,"column":4},"end":{"line":9,"column":27}},"type":"binary-expr","locations":[{"start":{"line":9,"column":4},"end":{"line":9,"column":27}},{"start":{"line":9,"column":31},"end":{"line":9,"column":54}}]}},"s":{"0":1,"1":1,"2":1,"3":1,"4":1,"5":3,"6":1},"f":{"0":3,"1":1},"b":{"0":[3,2]}}
,"/Users/rfarrer/repos/system-props/example/src/main.tsx": {"path":"/Users/rfarrer/repos/system-props/example/src/main.tsx","statementMap":{"0":{"start":{"line":1,"column":0},"end":{"line":1,"column":26}},"1":{"start":{"line":2,"column":0},"end":{"line":2,"column":33}},"2":{"start":{"line":3,"column":0},"end":{"line":3,"column":24}},"3":{"start":{"line":4,"column":0},"end":{"line":4,"column":69}},"4":{"start":{"line":5,"column":0},"end":{"line":5,"column":71}},"5":{"start":{"line":6,"column":0},"end":{"line":6,"column":32}},"6":{"start":{"line":8,"column":0},"end":{"line":17,"column":2}}},"fnMap":{},"branchMap":{},"s":{"0":0,"1":0,"2":0,"3":0,"4":0,"5":0,"6":0},"f":{},"b":{}}
,"/Users/rfarrer/repos/system-props/example/src/styled.d.ts": {"path":"/Users/rfarrer/repos/system-props/example/src/styled.d.ts","statementMap":{},"fnMap":{},"branchMap":{},"s":{},"f":{},"b":{},"inputSourceMap":null}
,"/Users/rfarrer/repos/system-props/example/src/system-props.config.ts": {"path":"/Users/rfarrer/repos/system-props/example/src/system-props.config.ts","statementMap":{"0":{"start":{"line":2,"column":0},"end":{"line":2,"column":null}},"1":{"start":{"line":21,"column":19},"end":{"line":25,"column":11}},"2":{"start":{"line":42,"column":13},"end":{"line":54,"column":2}}},"fnMap":{},"branchMap":{},"s":{"0":2,"1":2,"2":2},"f":{},"b":{}}
,"/Users/rfarrer/repos/system-props/example/src/theme.ts": {"path":"/Users/rfarrer/repos/system-props/example/src/theme.ts","statementMap":{"0":{"start":{"line":13,"column":15},"end":{"line":96,"column":2}},"1":{"start":{"line":98,"column":0},"end":{"line":98,"column":35}},"2":{"start":{"line":99,"column":0},"end":{"line":99,"column":27}},"3":{"start":{"line":101,"column":29},"end":{"line":111,"column":2}},"4":{"start":{"line":112,"column":0},"end":{"line":112,"column":30}},"5":{"start":{"line":113,"column":0},"end":{"line":113,"column":32}},"6":{"start":{"line":115,"column":13},"end":{"line":154,"column":2}},"7":{"start":{"line":158,"column":0},"end":{"line":158,"column":21}}},"fnMap":{},"branchMap":{},"s":{"0":0,"1":0,"2":0,"3":0,"4":0,"5":0,"6":0,"7":0},"f":{},"b":{}}
}
