<?xml version="1.0" encoding="UTF-8"?>
<coverage generated="1622488103542" clover="3.2.0">
  <project timestamp="1622488103542" name="All files">
    <metrics statements="498" coveredstatements="471" conditionals="311" coveredconditionals="265" methods="57" coveredmethods="54" elements="866" coveredelements="790" complexity="0" loc="498" ncloc="498" packages="16" files="30" classes="30"/>
    <package name="src">
      <metrics statements="26" coveredstatements="25" conditionals="0" coveredconditionals="0" methods="3" coveredmethods="1"/>
      <file name="css-types.ts" path="/Users/rfarrer/repos/system-props/src/css-types.ts">
        <metrics statements="1" coveredstatements="0" conditionals="0" coveredconditionals="0" methods="0" coveredmethods="0"/>
        <line num="11" count="0" type="stmt"/>
      </file>
      <file name="index.ts" path="/Users/rfarrer/repos/system-props/src/index.ts">
        <metrics statements="8" coveredstatements="8" conditionals="0" coveredconditionals="0" methods="2" coveredmethods="0"/>
        <line num="1" count="1" type="stmt"/>
        <line num="14" count="1" type="stmt"/>
        <line num="16" count="1" type="stmt"/>
        <line num="33" count="1" type="stmt"/>
        <line num="34" count="1" type="stmt"/>
        <line num="35" count="1" type="stmt"/>
        <line num="36" count="1" type="stmt"/>
        <line num="37" count="1" type="stmt"/>
      </file>
      <file name="propNames.ts" path="/Users/rfarrer/repos/system-props/src/propNames.ts">
        <metrics statements="13" coveredstatements="13" conditionals="0" coveredconditionals="0" methods="0" coveredmethods="0"/>
        <line num="1" count="2" type="stmt"/>
        <line num="2" count="2" type="stmt"/>
        <line num="3" count="2" type="stmt"/>
        <line num="4" count="2" type="stmt"/>
        <line num="5" count="2" type="stmt"/>
        <line num="6" count="2" type="stmt"/>
        <line num="7" count="2" type="stmt"/>
        <line num="8" count="2" type="stmt"/>
        <line num="9" count="2" type="stmt"/>
        <line num="10" count="2" type="stmt"/>
        <line num="11" count="2" type="stmt"/>
        <line num="13" count="2" type="stmt"/>
        <line num="27" count="2" type="stmt"/>
      </file>
      <file name="shouldForwardProp.ts" path="/Users/rfarrer/repos/system-props/src/shouldForwardProp.ts">
        <metrics statements="4" coveredstatements="4" conditionals="0" coveredconditionals="0" methods="1" coveredmethods="1"/>
        <line num="1" count="2" type="stmt"/>
        <line num="3" count="2" type="stmt"/>
        <line num="5" count="2" type="stmt"/>
        <line num="6" count="154" type="stmt"/>
      </file>
    </package>
    <package name="src.core">
      <metrics statements="237" coveredstatements="227" conditionals="139" coveredconditionals="126" methods="35" coveredmethods="35"/>
      <file name="createCss.ts" path="/Users/rfarrer/repos/system-props/src/core/createCss.ts">
        <metrics statements="41" coveredstatements="37" conditionals="18" coveredconditionals="14" methods="4" coveredmethods="4"/>
        <line num="1" count="15" type="stmt"/>
        <line num="9" count="15" type="stmt"/>
        <line num="11" count="15" type="stmt"/>
        <line num="25" count="15" type="stmt"/>
        <line num="27" count="4" type="cond" truecount="2" falsecount="0"/>
        <line num="29" count="3" type="stmt"/>
        <line num="30" count="3" type="stmt"/>
        <line num="32" count="3" type="stmt"/>
        <line num="33" count="204" type="stmt"/>
        <line num="34" count="204" type="cond" truecount="2" falsecount="0"/>
        <line num="36" count="49" type="stmt"/>
        <line num="41" count="49" type="stmt"/>
        <line num="43" count="155" type="cond" truecount="1" falsecount="1"/>
        <line num="44" count="0" type="stmt"/>
        <line num="46" count="155" type="stmt"/>
        <line num="50" count="3" type="stmt"/>
        <line num="51" count="8" type="stmt"/>
        <line num="52" count="8" type="cond" truecount="1" falsecount="1"/>
        <line num="53" count="0" type="stmt"/>
        <line num="56" count="8" type="stmt"/>
        <line num="57" count="8" type="cond" truecount="1" falsecount="1"/>
        <line num="59" count="8" type="stmt"/>
        <line num="60" count="20" type="stmt"/>
        <line num="63" count="20" type="cond" truecount="4" falsecount="0"/>
        <line num="64" count="6" type="stmt"/>
        <line num="67" count="6" type="stmt"/>
        <line num="68" count="6" type="stmt"/>
        <line num="69" count="6" type="cond" truecount="2" falsecount="0"/>
        <line num="70" count="2" type="stmt"/>
        <line num="71" count="2" type="stmt"/>
        <line num="74" count="4" type="stmt"/>
        <line num="75" count="4" type="stmt"/>
        <line num="78" count="14" type="stmt"/>
        <line num="81" count="14" type="cond" truecount="1" falsecount="1"/>
        <line num="82" count="0" type="stmt"/>
        <line num="83" count="0" type="stmt"/>
        <line num="86" count="14" type="stmt"/>
        <line num="88" count="14" type="stmt"/>
        <line num="90" count="14" type="stmt"/>
        <line num="93" count="8" type="stmt"/>
        <line num="96" count="3" type="stmt"/>
      </file>
      <file name="createStyleFunction.ts" path="/Users/rfarrer/repos/system-props/src/core/createStyleFunction.ts">
        <metrics statements="26" coveredstatements="25" conditionals="18" coveredconditionals="16" methods="4" coveredmethods="4"/>
        <line num="1" count="17" type="stmt"/>
        <line num="10" count="146" type="stmt"/>
        <line num="11" count="146" type="cond" truecount="2" falsecount="0"/>
        <line num="14" count="17" type="stmt"/>
        <line num="15" count="489" type="stmt"/>
        <line num="16" count="489" type="stmt"/>
        <line num="17" count="489" type="stmt"/>
        <line num="18" count="489" type="cond" truecount="2" falsecount="0"/>
        <line num="19" count="489" type="stmt"/>
        <line num="20" count="489" type="stmt"/>
        <line num="22" count="489" type="cond" truecount="2" falsecount="0"/>
        <line num="24" count="489" type="cond" truecount="3" falsecount="1"/>
        <line num="25" count="0" type="stmt"/>
        <line num="30" count="489" type="stmt"/>
        <line num="32" count="489" type="stmt"/>
        <line num="38" count="236" type="stmt"/>
        <line num="40" count="236" type="stmt"/>
        <line num="41" count="236" type="stmt"/>
        <line num="49" count="236" type="cond" truecount="2" falsecount="0"/>
        <line num="50" count="6" type="stmt"/>
        <line num="52" count="230" type="stmt"/>
        <line num="53" count="255" type="cond" truecount="1" falsecount="1"/>
        <line num="54" count="255" type="stmt"/>
        <line num="57" count="230" type="stmt"/>
        <line num="60" count="489" type="stmt"/>
        <line num="61" count="489" type="stmt"/>
      </file>
      <file name="createSystem.ts" path="/Users/rfarrer/repos/system-props/src/core/createSystem.ts">
        <metrics statements="82" coveredstatements="77" conditionals="62" coveredconditionals="56" methods="10" coveredmethods="10"/>
        <line num="1" count="16" type="stmt"/>
        <line num="2" count="16" type="stmt"/>
        <line num="3" count="16" type="stmt"/>
        <line num="12" count="16" type="stmt"/>
        <line num="13" count="16" type="stmt"/>
        <line num="14" count="16" type="stmt"/>
        <line num="24" count="28" type="stmt"/>
        <line num="27" count="10" type="stmt"/>
        <line num="28" count="10" type="cond" truecount="1" falsecount="1"/>
        <line num="29" count="0" type="stmt"/>
        <line num="31" count="10" type="stmt"/>
        <line num="34" count="16" type="stmt"/>
        <line num="36" count="591" type="cond" truecount="2" falsecount="0"/>
        <line num="37" count="591" type="cond" truecount="2" falsecount="0"/>
        <line num="39" count="309" type="stmt"/>
        <line num="41" count="309" type="stmt"/>
        <line num="42" count="71" type="stmt"/>
        <line num="43" count="71" type="stmt"/>
        <line num="46" count="71" type="stmt"/>
        <line num="47" count="71" type="cond" truecount="2" falsecount="0"/>
        <line num="51" count="8" type="stmt"/>
        <line num="52" count="8" type="stmt"/>
        <line num="55" count="71" type="stmt"/>
        <line num="56" count="168" type="stmt"/>
        <line num="57" count="168" type="stmt"/>
        <line num="60" count="168" type="cond" truecount="2" falsecount="0"/>
        <line num="61" count="2" type="stmt"/>
        <line num="64" count="166" type="stmt"/>
        <line num="66" count="166" type="cond" truecount="2" falsecount="0"/>
        <line num="69" count="3" type="stmt"/>
        <line num="72" count="166" type="cond" truecount="2" falsecount="0"/>
        <line num="73" count="34" type="stmt"/>
        <line num="76" count="34" type="cond" truecount="2" falsecount="0"/>
        <line num="77" count="21" type="cond" truecount="1" falsecount="1"/>
        <line num="78" count="0" type="stmt"/>
        <line num="83" count="21" type="cond" truecount="3" falsecount="0"/>
        <line num="88" count="21" type="stmt"/>
        <line num="97" count="13" type="cond" truecount="2" falsecount="0"/>
        <line num="98" count="12" type="stmt"/>
        <line num="99" count="12" type="stmt"/>
        <line num="109" count="133" type="stmt"/>
        <line num="112" count="71" type="stmt"/>
        <line num="114" count="237" type="cond" truecount="2" falsecount="0"/>
        <line num="116" count="2" type="stmt"/>
        <line num="117" count="2" type="stmt"/>
        <line num="118" count="2" type="stmt"/>
        <line num="119" count="4" type="stmt"/>
        <line num="125" count="4" type="cond" truecount="1" falsecount="1"/>
        <line num="126" count="0" type="stmt"/>
        <line num="129" count="0" type="stmt"/>
        <line num="132" count="2" type="stmt"/>
        <line num="136" count="235" type="cond" truecount="2" falsecount="0"/>
        <line num="137" count="71" type="stmt"/>
        <line num="140" count="164" type="stmt"/>
        <line num="144" count="71" type="cond" truecount="2" falsecount="0"/>
        <line num="145" count="6" type="stmt"/>
        <line num="148" count="71" type="stmt"/>
        <line num="151" count="309" type="stmt"/>
        <line num="152" count="309" type="stmt"/>
        <line num="153" count="309" type="stmt"/>
        <line num="155" count="567" type="stmt"/>
        <line num="156" count="309" type="cond" truecount="2" falsecount="0"/>
        <line num="157" count="24" type="stmt"/>
        <line num="158" count="282" type="stmt"/>
        <line num="162" count="309" type="stmt"/>
        <line num="165" count="27" type="stmt"/>
        <line num="166" count="27" type="cond" truecount="2" falsecount="0"/>
        <line num="167" count="27" type="cond" truecount="2" falsecount="0"/>
        <line num="168" count="27" type="cond" truecount="2" falsecount="0"/>
        <line num="174" count="27" type="stmt"/>
        <line num="175" count="27" type="stmt"/>
        <line num="176" count="27" type="stmt"/>
        <line num="177" count="285" type="stmt"/>
        <line num="178" count="285" type="cond" truecount="2" falsecount="0"/>
        <line num="180" count="77" type="stmt"/>
        <line num="185" count="77" type="stmt"/>
        <line num="187" count="208" type="cond" truecount="1" falsecount="1"/>
        <line num="188" count="0" type="stmt"/>
        <line num="190" count="208" type="stmt"/>
        <line num="192" count="27" type="stmt"/>
        <line num="193" count="27" type="stmt"/>
        <line num="196" count="27" type="stmt"/>
      </file>
      <file name="get.ts" path="/Users/rfarrer/repos/system-props/src/core/get.ts">
        <metrics statements="35" coveredstatements="35" conditionals="29" coveredconditionals="28" methods="5" coveredmethods="5"/>
        <line num="7" count="19" type="stmt"/>
        <line num="8" count="311" type="cond" truecount="2" falsecount="0"/>
        <line num="9" count="11" type="stmt"/>
        <line num="12" count="300" type="cond" truecount="2" falsecount="0"/>
        <line num="15" count="300" type="stmt"/>
        <line num="17" count="300" type="stmt"/>
        <line num="20" count="303" type="stmt"/>
        <line num="21" count="303" type="cond" truecount="5" falsecount="0"/>
        <line num="22" count="301" type="stmt"/>
        <line num="24" count="2" type="stmt"/>
        <line num="28" count="300" type="cond" truecount="2" falsecount="0"/>
        <line num="35" count="19" type="stmt"/>
        <line num="38" count="221" type="cond" truecount="4" falsecount="0"/>
        <line num="39" count="99" type="stmt"/>
        <line num="42" count="221" type="cond" truecount="2" falsecount="0"/>
        <line num="49" count="19" type="stmt"/>
        <line num="50" count="6" type="stmt"/>
        <line num="52" count="6" type="cond" truecount="4" falsecount="0"/>
        <line num="53" count="2" type="stmt"/>
        <line num="56" count="6" type="cond" truecount="1" falsecount="1"/>
        <line num="59" count="19" type="stmt"/>
        <line num="60" count="58" type="stmt"/>
        <line num="62" count="58" type="stmt"/>
        <line num="63" count="280" type="cond" truecount="2" falsecount="0"/>
        <line num="64" count="76" type="stmt"/>
        <line num="67" count="204" type="cond" truecount="2" falsecount="0"/>
        <line num="68" count="67" type="stmt"/>
        <line num="71" count="204" type="stmt"/>
        <line num="73" count="204" type="cond" truecount="2" falsecount="0"/>
        <line num="74" count="63" type="stmt"/>
        <line num="77" count="141" type="stmt"/>
        <line num="79" count="141" type="stmt"/>
        <line num="81" count="141" type="stmt"/>
        <line num="84" count="58" type="stmt"/>
        <line num="87" count="19" type="stmt"/>
      </file>
      <file name="index.ts" path="/Users/rfarrer/repos/system-props/src/core/index.ts">
        <metrics statements="3" coveredstatements="3" conditionals="0" coveredconditionals="0" methods="3" coveredmethods="3"/>
        <line num="1" count="15" type="stmt"/>
        <line num="2" count="26" type="stmt"/>
        <line num="3" count="15" type="stmt"/>
      </file>
      <file name="merge.ts" path="/Users/rfarrer/repos/system-props/src/core/merge.ts">
        <metrics statements="8" coveredstatements="8" conditionals="4" coveredconditionals="4" methods="2" coveredmethods="2"/>
        <line num="6" count="213" type="stmt"/>
        <line num="9" count="18" type="stmt"/>
        <line num="10" count="179" type="stmt"/>
        <line num="11" count="179" type="stmt"/>
        <line num="12" count="326" type="cond" truecount="4" falsecount="0"/>
        <line num="13" count="309" type="stmt"/>
        <line num="15" count="17" type="stmt"/>
        <line num="19" count="179" type="stmt"/>
      </file>
      <file name="parseResponsive.ts" path="/Users/rfarrer/repos/system-props/src/core/parseResponsive.ts">
        <metrics statements="35" coveredstatements="35" conditionals="8" coveredconditionals="8" methods="4" coveredmethods="4"/>
        <line num="10" count="19" type="stmt"/>
        <line num="12" count="16" type="stmt"/>
        <line num="13" count="21" type="stmt"/>
        <line num="14" count="21" type="stmt"/>
        <line num="15" count="21" type="stmt"/>
        <line num="16" count="21" type="stmt"/>
        <line num="17" count="21" type="stmt"/>
        <line num="27" count="21" type="stmt"/>
        <line num="28" count="21" type="stmt"/>
        <line num="29" count="21" type="stmt"/>
        <line num="32" count="61" type="stmt"/>
        <line num="36" count="61" type="stmt"/>
        <line num="38" count="61" type="stmt"/>
        <line num="40" count="61" type="cond" truecount="2" falsecount="0"/>
        <line num="41" count="21" type="stmt"/>
        <line num="43" count="40" type="stmt"/>
        <line num="53" count="21" type="stmt"/>
        <line num="56" count="16" type="stmt"/>
        <line num="57" count="12" type="stmt"/>
        <line num="58" count="12" type="stmt"/>
        <line num="59" count="12" type="stmt"/>
        <line num="60" count="12" type="stmt"/>
        <line num="61" count="12" type="stmt"/>
        <line num="74" count="12" type="stmt"/>
        <line num="75" count="12" type="stmt"/>
        <line num="76" count="12" type="stmt"/>
        <line num="78" count="28" type="stmt"/>
        <line num="79" count="28" type="stmt"/>
        <line num="88" count="28" type="stmt"/>
        <line num="92" count="28" type="stmt"/>
        <line num="93" count="28" type="cond" truecount="2" falsecount="0"/>
        <line num="94" count="9" type="stmt"/>
        <line num="96" count="19" type="stmt"/>
        <line num="97" count="19" type="stmt"/>
        <line num="107" count="12" type="stmt"/>
      </file>
      <file name="sort.ts" path="/Users/rfarrer/repos/system-props/src/core/sort.ts">
        <metrics statements="7" coveredstatements="7" conditionals="0" coveredconditionals="0" methods="3" coveredmethods="3"/>
        <line num="3" count="16" type="stmt"/>
        <line num="13" count="16" type="stmt"/>
        <line num="14" count="6" type="stmt"/>
        <line num="15" count="6" type="stmt"/>
        <line num="16" count="28" type="stmt"/>
        <line num="18" count="23" type="stmt"/>
        <line num="20" count="6" type="stmt"/>
      </file>
    </package>
    <package name="src.props">
      <metrics statements="96" coveredstatements="87" conditionals="62" coveredconditionals="51" methods="7" coveredmethods="6"/>
      <file name="index.ts" path="/Users/rfarrer/repos/system-props/src/props/index.ts">
        <metrics statements="12" coveredstatements="12" conditionals="0" coveredconditionals="0" methods="1" coveredmethods="0"/>
        <line num="1" count="3" type="stmt"/>
        <line num="2" count="3" type="stmt"/>
        <line num="3" count="3" type="stmt"/>
        <line num="4" count="3" type="stmt"/>
        <line num="5" count="3" type="stmt"/>
        <line num="6" count="3" type="stmt"/>
        <line num="7" count="3" type="stmt"/>
        <line num="8" count="3" type="stmt"/>
        <line num="9" count="3" type="stmt"/>
        <line num="10" count="3" type="stmt"/>
        <line num="11" count="3" type="stmt"/>
        <line num="12" count="3" type="stmt"/>
      </file>
      <file name="positiveOrNegative.ts" path="/Users/rfarrer/repos/system-props/src/props/positiveOrNegative.ts">
        <metrics statements="23" coveredstatements="22" conditionals="22" coveredconditionals="18" methods="2" coveredmethods="2"/>
        <line num="3" count="74" type="cond" truecount="2" falsecount="0"/>
        <line num="5" count="6" type="stmt"/>
        <line num="6" count="57" type="stmt"/>
        <line num="7" count="57" type="stmt"/>
        <line num="8" count="57" type="stmt"/>
        <line num="9" count="57" type="stmt"/>
        <line num="11" count="57" type="cond" truecount="2" falsecount="0"/>
        <line num="12" count="48" type="cond" truecount="4" falsecount="0"/>
        <line num="13" count="8" type="stmt"/>
        <line num="14" count="8" type="stmt"/>
        <line num="15" count="8" type="cond" truecount="2" falsecount="0"/>
        <line num="16" count="5" type="stmt"/>
        <line num="18" count="3" type="stmt"/>
        <line num="20" count="40" type="cond" truecount="1" falsecount="1"/>
        <line num="23" count="9" type="stmt"/>
        <line num="25" count="9" type="stmt"/>
        <line num="26" count="9" type="stmt"/>
        <line num="27" count="9" type="cond" truecount="1" falsecount="1"/>
        <line num="28" count="9" type="cond" truecount="2" falsecount="0"/>
        <line num="29" count="6" type="cond" truecount="2" falsecount="0"/>
        <line num="32" count="3" type="cond" truecount="1" falsecount="1"/>
        <line num="33" count="0" type="stmt"/>
        <line num="36" count="3" type="cond" truecount="1" falsecount="1"/>
      </file>
      <file name="tokenizeValue.ts" path="/Users/rfarrer/repos/system-props/src/props/tokenizeValue.ts">
        <metrics statements="61" coveredstatements="53" conditionals="40" coveredconditionals="33" methods="4" coveredmethods="4"/>
        <line num="6" count="10" type="stmt"/>
        <line num="7" count="10" type="stmt"/>
        <line num="8" count="10" type="stmt"/>
        <line num="9" count="10" type="stmt"/>
        <line num="19" count="10" type="stmt"/>
        <line num="20" count="10" type="stmt"/>
        <line num="21" count="10" type="stmt"/>
        <line num="23" count="10" type="stmt"/>
        <line num="24" count="28" type="stmt"/>
        <line num="25" count="28" type="stmt"/>
        <line num="26" count="28" type="cond" truecount="2" falsecount="0"/>
        <line num="27" count="1" type="stmt"/>
        <line num="29" count="27" type="stmt"/>
        <line num="30" count="27" type="stmt"/>
        <line num="31" count="629" type="stmt"/>
        <line num="32" count="629" type="stmt"/>
        <line num="35" count="73" type="cond" truecount="2" falsecount="0"/>
        <line num="36" count="47" type="stmt"/>
        <line num="37" count="26" type="cond" truecount="2" falsecount="0"/>
        <line num="38" count="16" type="stmt"/>
        <line num="40" count="73" type="stmt"/>
        <line num="43" count="27" type="cond" truecount="2" falsecount="0"/>
        <line num="44" count="6" type="stmt"/>
        <line num="45" count="6" type="stmt"/>
        <line num="47" count="21" type="stmt"/>
        <line num="49" count="27" type="stmt"/>
        <line num="53" count="2" type="stmt"/>
        <line num="54" count="2" type="cond" truecount="4" falsecount="0"/>
        <line num="55" count="1" type="stmt"/>
        <line num="56" count="1" type="stmt"/>
        <line num="57" count="1" type="cond" truecount="3" falsecount="1"/>
        <line num="58" count="1" type="stmt"/>
        <line num="59" count="1" type="stmt"/>
        <line num="61" count="2" type="stmt"/>
        <line num="65" count="9" type="cond" truecount="2" falsecount="0"/>
        <line num="66" count="9" type="stmt"/>
        <line num="67" count="9" type="stmt"/>
        <line num="68" count="9" type="stmt"/>
        <line num="71" count="9" type="stmt"/>
        <line num="72" count="9" type="stmt"/>
        <line num="73" count="9" type="cond" truecount="4" falsecount="0"/>
        <line num="74" count="7" type="stmt"/>
        <line num="75" count="9" type="stmt"/>
        <line num="79" count="0" type="cond" truecount="0" falsecount="2"/>
        <line num="80" count="0" type="stmt"/>
        <line num="81" count="0" type="stmt"/>
        <line num="82" count="0" type="stmt"/>
        <line num="84" count="0" type="stmt"/>
        <line num="85" count="0" type="stmt"/>
        <line num="86" count="0" type="cond" truecount="0" falsecount="2"/>
        <line num="87" count="0" type="stmt"/>
        <line num="90" count="509" type="cond" truecount="2" falsecount="0"/>
        <line num="91" count="509" type="stmt"/>
        <line num="94" count="27" type="cond" truecount="2" falsecount="0"/>
        <line num="95" count="27" type="stmt"/>
        <line num="105" count="116" type="stmt"/>
        <line num="106" count="116" type="stmt"/>
        <line num="112" count="82" type="cond" truecount="2" falsecount="0"/>
        <line num="113" count="82" type="stmt"/>
        <line num="121" count="6" type="stmt"/>
        <line num="122" count="6" type="stmt"/>
      </file>
    </package>
    <package name="src.props.background">
      <metrics statements="6" coveredstatements="6" conditionals="0" coveredconditionals="0" methods="0" coveredmethods="0"/>
      <file name="index.ts" path="/Users/rfarrer/repos/system-props/src/props/background/index.ts">
        <metrics statements="6" coveredstatements="6" conditionals="0" coveredconditionals="0" methods="0" coveredmethods="0"/>
        <line num="3" count="5" type="stmt"/>
        <line num="11" count="5" type="stmt"/>
        <line num="12" count="5" type="stmt"/>
        <line num="13" count="5" type="stmt"/>
        <line num="14" count="5" type="stmt"/>
        <line num="16" count="5" type="stmt"/>
      </file>
    </package>
    <package name="src.props.border">
      <metrics statements="36" coveredstatements="35" conditionals="44" coveredconditionals="40" methods="1" coveredmethods="1"/>
      <file name="borderShorthandTransform.ts" path="/Users/rfarrer/repos/system-props/src/props/border/borderShorthandTransform.ts">
        <metrics statements="17" coveredstatements="16" conditionals="44" coveredconditionals="40" methods="1" coveredmethods="1"/>
        <line num="2" count="6" type="stmt"/>
        <line num="4" count="6" type="stmt"/>
        <line num="5" count="6" type="stmt"/>
        <line num="6" count="6" type="stmt"/>
        <line num="7" count="6" type="stmt"/>
        <line num="8" count="6" type="stmt"/>
        <line num="9" count="6" type="stmt"/>
        <line num="11" count="6" type="cond" truecount="1" falsecount="1"/>
        <line num="12" count="0" type="stmt"/>
        <line num="14" count="6" type="cond" truecount="10" falsecount="0"/>
        <line num="15" count="6" type="cond" truecount="2" falsecount="0"/>
        <line num="16" count="1" type="stmt"/>
        <line num="18" count="5" type="stmt"/>
        <line num="19" count="5" type="stmt"/>
        <line num="24" count="5" type="stmt"/>
        <line num="29" count="5" type="stmt"/>
        <line num="34" count="5" type="stmt"/>
      </file>
      <file name="index.ts" path="/Users/rfarrer/repos/system-props/src/props/border/index.ts">
        <metrics statements="19" coveredstatements="19" conditionals="0" coveredconditionals="0" methods="0" coveredmethods="0"/>
        <line num="2" count="5" type="stmt"/>
        <line num="4" count="5" type="stmt"/>
        <line num="74" count="5" type="stmt"/>
        <line num="79" count="5" type="stmt"/>
        <line num="83" count="5" type="stmt"/>
        <line num="87" count="5" type="stmt"/>
        <line num="91" count="5" type="stmt"/>
        <line num="95" count="5" type="stmt"/>
        <line num="99" count="5" type="stmt"/>
        <line num="103" count="5" type="stmt"/>
        <line num="107" count="5" type="stmt"/>
        <line num="111" count="5" type="stmt"/>
        <line num="115" count="5" type="stmt"/>
        <line num="119" count="5" type="stmt"/>
        <line num="123" count="5" type="stmt"/>
        <line num="127" count="5" type="stmt"/>
        <line num="131" count="5" type="stmt"/>
        <line num="135" count="5" type="stmt"/>
        <line num="140" count="5" type="stmt"/>
      </file>
    </package>
    <package name="src.props.color">
      <metrics statements="3" coveredstatements="3" conditionals="0" coveredconditionals="0" methods="0" coveredmethods="0"/>
      <file name="index.ts" path="/Users/rfarrer/repos/system-props/src/props/color/index.ts">
        <metrics statements="3" coveredstatements="3" conditionals="0" coveredconditionals="0" methods="0" coveredmethods="0"/>
        <line num="3" count="5" type="stmt"/>
        <line num="22" count="5" type="stmt"/>
        <line num="23" count="5" type="stmt"/>
      </file>
    </package>
    <package name="src.props.flexbox">
      <metrics statements="4" coveredstatements="4" conditionals="0" coveredconditionals="0" methods="0" coveredmethods="0"/>
      <file name="index.ts" path="/Users/rfarrer/repos/system-props/src/props/flexbox/index.ts">
        <metrics statements="4" coveredstatements="4" conditionals="0" coveredconditionals="0" methods="0" coveredmethods="0"/>
        <line num="3" count="5" type="stmt"/>
        <line num="12" count="5" type="stmt"/>
        <line num="23" count="5" type="stmt"/>
        <line num="28" count="5" type="stmt"/>
      </file>
    </package>
    <package name="src.props.grid">
      <metrics statements="4" coveredstatements="4" conditionals="0" coveredconditionals="0" methods="0" coveredmethods="0"/>
      <file name="index.ts" path="/Users/rfarrer/repos/system-props/src/props/grid/index.ts">
        <metrics statements="4" coveredstatements="4" conditionals="0" coveredconditionals="0" methods="0" coveredmethods="0"/>
        <line num="3" count="5" type="stmt"/>
        <line num="14" count="5" type="stmt"/>
        <line num="41" count="5" type="stmt"/>
        <line num="46" count="5" type="stmt"/>
      </file>
    </package>
    <package name="src.props.layout">
      <metrics statements="1" coveredstatements="1" conditionals="0" coveredconditionals="0" methods="0" coveredmethods="0"/>
      <file name="index.ts" path="/Users/rfarrer/repos/system-props/src/props/layout/index.ts">
        <metrics statements="1" coveredstatements="1" conditionals="0" coveredconditionals="0" methods="0" coveredmethods="0"/>
        <line num="3" count="5" type="stmt"/>
      </file>
    </package>
    <package name="src.props.position">
      <metrics statements="2" coveredstatements="2" conditionals="0" coveredconditionals="0" methods="0" coveredmethods="0"/>
      <file name="index.ts" path="/Users/rfarrer/repos/system-props/src/props/position/index.ts">
        <metrics statements="2" coveredstatements="2" conditionals="0" coveredconditionals="0" methods="0" coveredmethods="0"/>
        <line num="2" count="5" type="stmt"/>
        <line num="4" count="5" type="stmt"/>
      </file>
    </package>
    <package name="src.props.shadow">
      <metrics statements="11" coveredstatements="10" conditionals="12" coveredconditionals="9" methods="3" coveredmethods="3"/>
      <file name="getShadow.ts" path="/Users/rfarrer/repos/system-props/src/props/shadow/getShadow.ts">
        <metrics statements="9" coveredstatements="8" conditionals="12" coveredconditionals="9" methods="3" coveredmethods="3"/>
        <line num="2" count="6" type="stmt"/>
        <line num="4" count="9" type="stmt"/>
        <line num="5" count="9" type="stmt"/>
        <line num="6" count="9" type="cond" truecount="2" falsecount="0"/>
        <line num="7" count="1" type="stmt"/>
        <line num="9" count="8" type="cond" truecount="1" falsecount="1"/>
        <line num="10" count="8" type="stmt"/>
        <line num="12" count="26" type="cond" truecount="6" falsecount="2"/>
        <line num="16" count="0" type="stmt"/>
      </file>
      <file name="index.ts" path="/Users/rfarrer/repos/system-props/src/props/shadow/index.ts">
        <metrics statements="2" coveredstatements="2" conditionals="0" coveredconditionals="0" methods="0" coveredmethods="0"/>
        <line num="2" count="5" type="stmt"/>
        <line num="4" count="5" type="stmt"/>
      </file>
    </package>
    <package name="src.props.space">
      <metrics statements="48" coveredstatements="47" conditionals="40" coveredconditionals="32" methods="4" coveredmethods="4"/>
      <file name="index.ts" path="/Users/rfarrer/repos/system-props/src/props/space/index.ts">
        <metrics statements="48" coveredstatements="47" conditionals="40" coveredconditionals="32" methods="4" coveredmethods="4"/>
        <line num="2" count="5" type="stmt"/>
        <line num="4" count="41" type="stmt"/>
        <line num="6" count="41" type="cond" truecount="2" falsecount="0"/>
        <line num="7" count="7" type="stmt"/>
        <line num="8" count="7" type="cond" truecount="2" falsecount="0"/>
        <line num="9" count="6" type="stmt"/>
        <line num="13" count="35" type="cond" truecount="2" falsecount="0"/>
        <line num="14" count="34" type="stmt"/>
        <line num="18" count="34" type="cond" truecount="2" falsecount="0"/>
        <line num="19" count="30" type="stmt"/>
        <line num="22" count="4" type="stmt"/>
        <line num="24" count="10" type="stmt"/>
        <line num="32" count="10" type="cond" truecount="1" falsecount="1"/>
        <line num="36" count="10" type="stmt"/>
        <line num="38" count="10" type="stmt"/>
        <line num="44" count="1" type="stmt"/>
        <line num="47" count="23" type="stmt"/>
        <line num="49" count="23" type="cond" truecount="2" falsecount="0"/>
        <line num="50" count="1" type="stmt"/>
        <line num="51" count="1" type="cond" truecount="1" falsecount="1"/>
        <line num="52" count="0" type="stmt"/>
        <line num="56" count="23" type="cond" truecount="2" falsecount="0"/>
        <line num="57" count="22" type="stmt"/>
        <line num="61" count="22" type="cond" truecount="2" falsecount="0"/>
        <line num="62" count="19" type="cond" truecount="7" falsecount="3"/>
        <line num="65" count="3" type="stmt"/>
        <line num="68" count="8" type="cond" truecount="7" falsecount="3"/>
        <line num="69" count="8" type="cond" truecount="2" falsecount="0"/>
        <line num="73" count="6" type="stmt"/>
        <line num="75" count="8" type="stmt"/>
        <line num="81" count="1" type="stmt"/>
        <line num="84" count="5" type="stmt"/>
        <line num="121" count="5" type="stmt"/>
        <line num="122" count="5" type="stmt"/>
        <line num="123" count="5" type="stmt"/>
        <line num="124" count="5" type="stmt"/>
        <line num="125" count="5" type="stmt"/>
        <line num="126" count="5" type="stmt"/>
        <line num="127" count="5" type="stmt"/>
        <line num="129" count="5" type="stmt"/>
        <line num="166" count="5" type="stmt"/>
        <line num="167" count="5" type="stmt"/>
        <line num="168" count="5" type="stmt"/>
        <line num="169" count="5" type="stmt"/>
        <line num="170" count="5" type="stmt"/>
        <line num="171" count="5" type="stmt"/>
        <line num="172" count="5" type="stmt"/>
        <line num="174" count="5" type="stmt"/>
      </file>
    </package>
    <package name="src.props.styled-system-layout">
      <metrics statements="8" coveredstatements="6" conditionals="6" coveredconditionals="2" methods="2" coveredmethods="2"/>
      <file name="index.ts" path="/Users/rfarrer/repos/system-props/src/props/styled-system-layout/index.ts">
        <metrics statements="8" coveredstatements="6" conditionals="6" coveredconditionals="2" methods="2" coveredmethods="2"/>
        <line num="4" count="4" type="cond" truecount="1" falsecount="1"/>
        <line num="6" count="4" type="stmt"/>
        <line num="7" count="4" type="stmt"/>
        <line num="8" count="4" type="cond" truecount="1" falsecount="1"/>
        <line num="9" count="0" type="stmt"/>
        <line num="10" count="0" type="cond" truecount="0" falsecount="2"/>
        <line num="12" count="4" type="stmt"/>
        <line num="15" count="4" type="stmt"/>
      </file>
    </package>
    <package name="src.props.transition">
      <metrics statements="14" coveredstatements="12" conditionals="8" coveredconditionals="5" methods="2" coveredmethods="2"/>
      <file name="index.ts" path="/Users/rfarrer/repos/system-props/src/props/transition/index.ts">
        <metrics statements="14" coveredstatements="12" conditionals="8" coveredconditionals="5" methods="2" coveredmethods="2"/>
        <line num="2" count="4" type="stmt"/>
        <line num="4" count="4" type="stmt"/>
        <line num="5" count="3" type="stmt"/>
        <line num="6" count="3" type="cond" truecount="1" falsecount="1"/>
        <line num="7" count="0" type="stmt"/>
        <line num="12" count="3" type="cond" truecount="1" falsecount="1"/>
        <line num="13" count="3" type="stmt"/>
        <line num="14" count="3" type="stmt"/>
        <line num="16" count="6" type="cond" truecount="2" falsecount="0"/>
        <line num="17" count="3" type="cond" truecount="1" falsecount="1"/>
        <line num="19" count="3" type="stmt"/>
        <line num="22" count="3" type="stmt"/>
        <line num="25" count="0" type="stmt"/>
        <line num="28" count="4" type="stmt"/>
      </file>
    </package>
    <package name="src.props.typography">
      <metrics statements="1" coveredstatements="1" conditionals="0" coveredconditionals="0" methods="0" coveredmethods="0"/>
      <file name="index.ts" path="/Users/rfarrer/repos/system-props/src/props/typography/index.ts">
        <metrics statements="1" coveredstatements="1" conditionals="0" coveredconditionals="0" methods="0" coveredmethods="0"/>
        <line num="3" count="5" type="stmt"/>
      </file>
    </package>
    <package name="src.pseudos">
      <metrics statements="1" coveredstatements="1" conditionals="0" coveredconditionals="0" methods="0" coveredmethods="0"/>
      <file name="index.ts" path="/Users/rfarrer/repos/system-props/src/pseudos/index.ts">
        <metrics statements="1" coveredstatements="1" conditionals="0" coveredconditionals="0" methods="0" coveredmethods="0"/>
        <line num="1" count="17" type="stmt"/>
      </file>
    </package>
  </project>
</coverage>
