{"/Users/rfarrer/repos/system-props/src/css-types.ts": {"path":"/Users/rfarrer/repos/system-props/src/css-types.ts","statementMap":{"0":{"start":{"line":11,"column":0},"end":{"line":11,"column":24}}},"fnMap":{},"branchMap":{},"s":{"0":0},"f":{},"b":{}}
,"/Users/rfarrer/repos/system-props/src/index.ts": {"path":"/Users/rfarrer/repos/system-props/src/index.ts","statementMap":{"0":{"start":{"line":1,"column":0},"end":{"line":1,"column":null}},"1":{"start":{"line":14,"column":0},"end":{"line":14,"column":35}},"2":{"start":{"line":16,"column":13},"end":{"line":31,"column":2}},"3":{"start":{"line":33,"column":0},"end":{"line":33,"column":9}},"4":{"start":{"line":33,"column":9},"end":{"line":33,"column":23}},"5":{"start":{"line":33,"column":23},"end":{"line":33,"column":49}},"6":{"start":{"line":34,"column":0},"end":{"line":34,"column":24}},"7":{"start":{"line":35,"column":0},"end":{"line":35,"column":26}},"8":{"start":{"line":36,"column":0},"end":{"line":36,"column":28}},"9":{"start":{"line":37,"column":0},"end":{"line":37,"column":36}}},"fnMap":{"0":{"name":"(anonymous_0)","decl":{"start":{"line":33,"column":9},"end":{"line":33,"column":21}},"loc":{"start":{"line":33,"column":9},"end":{"line":33,"column":23}}},"1":{"name":"(anonymous_1)","decl":{"start":{"line":33,"column":23},"end":{"line":33,"column":32}},"loc":{"start":{"line":33,"column":23},"end":{"line":33,"column":49}}}},"branchMap":{},"s":{"0":1,"1":1,"2":1,"3":1,"4":1,"5":1,"6":1,"7":1,"8":1,"9":1},"f":{"0":0,"1":0},"b":{}}
,"/Users/rfarrer/repos/system-props/src/propNames.ts": {"path":"/Users/rfarrer/repos/system-props/src/propNames.ts","statementMap":{"0":{"start":{"line":1,"column":0},"end":{"line":1,"column":48}},"1":{"start":{"line":2,"column":0},"end":{"line":2,"column":40}},"2":{"start":{"line":3,"column":0},"end":{"line":3,"column":38}},"3":{"start":{"line":4,"column":0},"end":{"line":4,"column":36}},"4":{"start":{"line":5,"column":0},"end":{"line":5,"column":42}},"5":{"start":{"line":6,"column":0},"end":{"line":6,"column":40}},"6":{"start":{"line":7,"column":0},"end":{"line":7,"column":44}},"7":{"start":{"line":8,"column":0},"end":{"line":8,"column":40}},"8":{"start":{"line":9,"column":0},"end":{"line":9,"column":38}},"9":{"start":{"line":10,"column":0},"end":{"line":10,"column":48}},"10":{"start":{"line":11,"column":0},"end":{"line":11,"column":44}},"11":{"start":{"line":13,"column":14},"end":{"line":24,"column":null}},"12":{"start":{"line":27,"column":13},"end":{"line":27,"column":47}}},"fnMap":{},"branchMap":{},"s":{"0":2,"1":2,"2":2,"3":2,"4":2,"5":2,"6":2,"7":2,"8":2,"9":2,"10":2,"11":2,"12":2},"f":{},"b":{}}
,"/Users/rfarrer/repos/system-props/src/shouldForwardProp.ts": {"path":"/Users/rfarrer/repos/system-props/src/shouldForwardProp.ts","statementMap":{"0":{"start":{"line":1,"column":0},"end":{"line":1,"column":40}},"1":{"start":{"line":3,"column":21},"end":{"line":3,"column":39}},"2":{"start":{"line":5,"column":33},"end":{"line":6,"column":3}},"3":{"start":{"line":6,"column":2},"end":{"line":6,"column":26}},"4":{"start":{"line":5,"column":13},"end":{"line":5,"column":33}}},"fnMap":{"0":{"name":"(anonymous_0)","decl":{"start":{"line":5,"column":33},"end":{"line":5,"column":34}},"loc":{"start":{"line":5,"column":46},"end":{"line":6,"column":3}}}},"branchMap":{},"s":{"0":2,"1":2,"2":2,"3":154,"4":2},"f":{"0":154},"b":{}}
,"/Users/rfarrer/repos/system-props/src/core/createCss.ts": {"path":"/Users/rfarrer/repos/system-props/src/core/createCss.ts","statementMap":{"0":{"start":{"line":1,"column":0},"end":{"line":1,"column":41}},"1":{"start":{"line":9,"column":0},"end":{"line":9,"column":32}},"2":{"start":{"line":11,"column":0},"end":{"line":11,"column":60}},"3":{"start":{"line":25,"column":25},"end":{"line":97,"column":1}},"4":{"start":{"line":27,"column":2},"end":{"line":27,"column":null}},"5":{"start":{"line":29,"column":26},"end":{"line":29,"column":34}},"6":{"start":{"line":30,"column":48},"end":{"line":30,"column":50}},"7":{"start":{"line":32,"column":2},"end":{"line":47,"column":5}},"8":{"start":{"line":33,"column":17},"end":{"line":33,"column":32}},"9":{"start":{"line":34,"column":4},"end":{"line":42,"column":null}},"10":{"start":{"line":36,"column":6},"end":{"line":40,"column":9}},"11":{"start":{"line":41,"column":6},"end":{"line":41,"column":13}},"12":{"start":{"line":43,"column":4},"end":{"line":45,"column":null}},"13":{"start":{"line":44,"column":6},"end":{"line":44,"column":13}},"14":{"start":{"line":46,"column":4},"end":{"line":46,"column":64}},"15":{"start":{"line":50,"column":4},"end":{"line":51,"column":5}},"16":{"start":{"line":51,"column":4},"end":{"line":94,"column":6}},"17":{"start":{"line":51,"column":12},"end":{"line":51,"column":14}},"18":{"start":{"line":52,"column":6},"end":{"line":54,"column":null}},"19":{"start":{"line":53,"column":8},"end":{"line":53,"column":15}},"20":{"start":{"line":56,"column":30},"end":{"line":56,"column":32}},"21":{"start":{"line":57,"column":21},"end":{"line":57,"column":68}},"22":{"start":{"line":59,"column":6},"end":{"line":91,"column":null}},"23":{"start":{"line":60,"column":18},"end":{"line":60,"column":29}},"24":{"start":{"line":63,"column":8},"end":{"line":76,"column":null}},"25":{"start":{"line":64,"column":31},"end":{"line":64,"column":76}},"26":{"start":{"line":67,"column":23},"end":{"line":67,"column":47}},"27":{"start":{"line":68,"column":29},"end":{"line":68,"column":58}},"28":{"start":{"line":69,"column":10},"end":{"line":72,"column":null}},"29":{"start":{"line":70,"column":12},"end":{"line":70,"column":62}},"30":{"start":{"line":71,"column":12},"end":{"line":71,"column":21}},"31":{"start":{"line":74,"column":10},"end":{"line":74,"column":53}},"32":{"start":{"line":75,"column":10},"end":{"line":75,"column":19}},"33":{"start":{"line":78,"column":29},"end":{"line":78,"column":40}},"34":{"start":{"line":81,"column":8},"end":{"line":84,"column":null}},"35":{"start":{"line":82,"column":10},"end":{"line":82,"column":26}},"36":{"start":{"line":83,"column":10},"end":{"line":83,"column":19}},"37":{"start":{"line":86,"column":22},"end":{"line":86,"column":52}},"38":{"start":{"line":88,"column":26},"end":{"line":88,"column":46}},"39":{"start":{"line":90,"column":8},"end":{"line":90,"column":74}},"40":{"start":{"line":93,"column":6},"end":{"line":93,"column":20}},"41":{"start":{"line":96,"column":2},"end":{"line":96,"column":13}},"42":{"start":{"line":25,"column":13},"end":{"line":25,"column":25}}},"fnMap":{"0":{"name":"(anonymous_0)","decl":{"start":{"line":25,"column":25},"end":{"line":25,"column":null}},"loc":{"start":{"line":27,"column":69},"end":{"line":97,"column":1}}},"1":{"name":"(anonymous_1)","decl":{"start":{"line":32,"column":34},"end":{"line":32,"column":35}},"loc":{"start":{"line":32,"column":38},"end":{"line":47,"column":3}}},"2":{"name":"(anonymous_2)","decl":{"start":{"line":50,"column":4},"end":{"line":50,"column":5}},"loc":{"start":{"line":50,"column":9},"end":{"line":51,"column":5}}},"3":{"name":"(anonymous_3)","decl":{"start":{"line":51,"column":4},"end":{"line":51,"column":5}},"loc":{"start":{"line":51,"column":14},"end":{"line":94,"column":5}}}},"branchMap":{"0":{"loc":{"start":{"line":27,"column":2},"end":{"line":27,"column":null}},"type":"if","locations":[{"start":{"line":27,"column":2},"end":{"line":27,"column":null}},{"start":{"line":27,"column":2},"end":{"line":27,"column":null}}]},"1":{"loc":{"start":{"line":34,"column":4},"end":{"line":42,"column":null}},"type":"if","locations":[{"start":{"line":34,"column":4},"end":{"line":42,"column":null}},{"start":{"line":34,"column":4},"end":{"line":42,"column":null}}]},"2":{"loc":{"start":{"line":43,"column":4},"end":{"line":45,"column":null}},"type":"if","locations":[{"start":{"line":43,"column":4},"end":{"line":45,"column":null}},{"start":{"line":43,"column":4},"end":{"line":45,"column":null}}]},"3":{"loc":{"start":{"line":52,"column":6},"end":{"line":54,"column":null}},"type":"if","locations":[{"start":{"line":52,"column":6},"end":{"line":54,"column":null}},{"start":{"line":52,"column":6},"end":{"line":54,"column":null}}]},"4":{"loc":{"start":{"line":57,"column":50},"end":{"line":57,"column":61}},"type":"cond-expr","locations":[{"start":{"line":57,"column":50},"end":{"line":57,"column":61}},{"start":{"line":57,"column":64},"end":{"line":57,"column":68}}]},"5":{"loc":{"start":{"line":63,"column":8},"end":{"line":76,"column":null}},"type":"if","locations":[{"start":{"line":63,"column":8},"end":{"line":76,"column":null}},{"start":{"line":63,"column":8},"end":{"line":76,"column":null}}]},"6":{"loc":{"start":{"line":63,"column":12},"end":{"line":63,"column":13}},"type":"binary-expr","locations":[{"start":{"line":63,"column":12},"end":{"line":63,"column":13}},{"start":{"line":63,"column":17},"end":{"line":63,"column":38}}]},"7":{"loc":{"start":{"line":69,"column":10},"end":{"line":72,"column":null}},"type":"if","locations":[{"start":{"line":69,"column":10},"end":{"line":72,"column":null}},{"start":{"line":69,"column":10},"end":{"line":72,"column":null}}]},"8":{"loc":{"start":{"line":81,"column":8},"end":{"line":84,"column":null}},"type":"if","locations":[{"start":{"line":81,"column":8},"end":{"line":84,"column":null}},{"start":{"line":81,"column":8},"end":{"line":84,"column":null}}]}},"s":{"0":15,"1":15,"2":15,"3":15,"4":4,"5":3,"6":3,"7":3,"8":204,"9":204,"10":49,"11":49,"12":155,"13":0,"14":155,"15":3,"16":8,"17":8,"18":8,"19":0,"20":8,"21":8,"22":8,"23":20,"24":20,"25":6,"26":6,"27":6,"28":6,"29":2,"30":2,"31":4,"32":4,"33":14,"34":14,"35":0,"36":0,"37":14,"38":14,"39":14,"40":8,"41":3,"42":15},"f":{"0":3,"1":204,"2":8,"3":8},"b":{"0":[1,2],"1":[49,155],"2":[0,155],"3":[0,8],"4":[0,8],"5":[6,14],"6":[20,20],"7":[2,4],"8":[0,14]}}
,"/Users/rfarrer/repos/system-props/src/core/createStyleFunction.ts": {"path":"/Users/rfarrer/repos/system-props/src/core/createStyleFunction.ts","statementMap":{"0":{"start":{"line":1,"column":0},"end":{"line":1,"column":36}},"1":{"start":{"line":10,"column":36},"end":{"line":12,"column":1}},"2":{"start":{"line":10,"column":43},"end":{"line":10,"column":45}},"3":{"start":{"line":10,"column":51},"end":{"line":10,"column":53}},"4":{"start":{"line":10,"column":59},"end":{"line":10,"column":61}},"5":{"start":{"line":10,"column":64},"end":{"line":10,"column":66}},"6":{"start":{"line":11,"column":2},"end":{"line":11,"column":63}},"7":{"start":{"line":14,"column":50},"end":{"line":62,"column":1}},"8":{"start":{"line":15,"column":12},"end":{"line":15,"column":null}},"9":{"start":{"line":16,"column":10},"end":{"line":16,"column":null}},"10":{"start":{"line":17,"column":7},"end":{"line":17,"column":null}},"11":{"start":{"line":18,"column":2},"end":{"line":18,"column":11}},"12":{"start":{"line":18,"column":11},"end":{"line":18,"column":null}},"13":{"start":{"line":19,"column":14},"end":{"line":19,"column":null}},"14":{"start":{"line":20,"column":13},"end":{"line":20,"column":null}},"15":{"start":{"line":22,"column":22},"end":{"line":22,"column":46}},"16":{"start":{"line":24,"column":2},"end":{"line":28,"column":null}},"17":{"start":{"line":25,"column":4},"end":{"line":27,"column":6}},"18":{"start":{"line":30,"column":14},"end":{"line":30,"column":38}},"19":{"start":{"line":32,"column":23},"end":{"line":58,"column":3}},"20":{"start":{"line":38,"column":40},"end":{"line":38,"column":42}},"21":{"start":{"line":40,"column":12},"end":{"line":40,"column":17}},"22":{"start":{"line":41,"column":4},"end":{"line":47,"column":7}},"23":{"start":{"line":49,"column":4},"end":{"line":51,"column":null}},"24":{"start":{"line":50,"column":6},"end":{"line":50,"column":20}},"25":{"start":{"line":52,"column":4},"end":{"line":56,"column":7}},"26":{"start":{"line":53,"column":6},"end":{"line":55,"column":null}},"27":{"start":{"line":54,"column":8},"end":{"line":54,"column":25}},"28":{"start":{"line":57,"column":4},"end":{"line":57,"column":18}},"29":{"start":{"line":60,"column":2},"end":{"line":60,"column":55}},"30":{"start":{"line":61,"column":2},"end":{"line":61,"column":22}},"31":{"start":{"line":14,"column":13},"end":{"line":14,"column":50}}},"fnMap":{"0":{"name":"(anonymous_0)","decl":{"start":{"line":10,"column":36},"end":{"line":10,"column":37}},"loc":{"start":{"line":10,"column":66},"end":{"line":12,"column":1}}},"1":{"name":"(anonymous_1)","decl":{"start":{"line":14,"column":50},"end":{"line":14,"column":51}},"loc":{"start":{"line":21,"column":1},"end":{"line":62,"column":1}}},"2":{"name":"(anonymous_2)","decl":{"start":{"line":32,"column":23},"end":{"line":32,"column":null}},"loc":{"start":{"line":36,"column":17},"end":{"line":58,"column":3}}},"3":{"name":"(anonymous_3)","decl":{"start":{"line":52,"column":24},"end":{"line":52,"column":25}},"loc":{"start":{"line":52,"column":59},"end":{"line":56,"column":5}}}},"branchMap":{"0":{"loc":{"start":{"line":11,"column":45},"end":{"line":11,"column":54}},"type":"cond-expr","locations":[{"start":{"line":11,"column":45},"end":{"line":11,"column":54}},{"start":{"line":11,"column":57},"end":{"line":11,"column":61}}]},"1":{"loc":{"start":{"line":18,"column":14},"end":{"line":18,"column":30}},"type":"cond-expr","locations":[{"start":{"line":18,"column":14},"end":{"line":18,"column":30}},{"start":{"line":18,"column":30},"end":{"line":18,"column":null}}]},"2":{"loc":{"start":{"line":22,"column":22},"end":{"line":22,"column":32}},"type":"binary-expr","locations":[{"start":{"line":22,"column":22},"end":{"line":22,"column":32}},{"start":{"line":22,"column":36},"end":{"line":22,"column":46}}]},"3":{"loc":{"start":{"line":24,"column":2},"end":{"line":28,"column":null}},"type":"if","locations":[{"start":{"line":24,"column":2},"end":{"line":28,"column":null}},{"start":{"line":24,"column":2},"end":{"line":28,"column":null}}]},"4":{"loc":{"start":{"line":24,"column":6},"end":{"line":24,"column":18}},"type":"binary-expr","locations":[{"start":{"line":24,"column":6},"end":{"line":24,"column":18}},{"start":{"line":24,"column":22},"end":{"line":24,"column":74}}]},"5":{"loc":{"start":{"line":45,"column":19},"end":{"line":45,"column":21}},"type":"cond-expr","locations":[{"start":{"line":45,"column":19},"end":{"line":45,"column":21}},{"start":{"line":45,"column":14},"end":{"line":45,"column":27}}]},"6":{"loc":{"start":{"line":45,"column":14},"end":{"line":45,"column":21}},"type":"binary-expr","locations":[{"start":{"line":45,"column":14},"end":{"line":45,"column":21}},{"start":{"line":45,"column":14},"end":{"line":45,"column":21}}]},"7":{"loc":{"start":{"line":49,"column":4},"end":{"line":51,"column":null}},"type":"if","locations":[{"start":{"line":49,"column":4},"end":{"line":51,"column":null}},{"start":{"line":49,"column":4},"end":{"line":51,"column":null}}]},"8":{"loc":{"start":{"line":53,"column":6},"end":{"line":55,"column":null}},"type":"if","locations":[{"start":{"line":53,"column":6},"end":{"line":55,"column":null}},{"start":{"line":53,"column":6},"end":{"line":55,"column":null}}]}},"s":{"0":17,"1":17,"2":146,"3":146,"4":146,"5":146,"6":146,"7":17,"8":489,"9":489,"10":489,"11":489,"12":489,"13":489,"14":489,"15":489,"16":489,"17":0,"18":489,"19":489,"20":236,"21":236,"22":236,"23":236,"24":6,"25":230,"26":255,"27":255,"28":230,"29":489,"30":489,"31":17},"f":{"0":146,"1":489,"2":236,"3":255},"b":{"0":[7,139],"1":[264,225],"2":[489,422],"3":[0,489],"4":[489,489],"5":[14,222],"6":[236,236],"7":[6,230],"8":[255,0]}}
,"/Users/rfarrer/repos/system-props/src/core/createSystem.ts": {"path":"/Users/rfarrer/repos/system-props/src/core/createSystem.ts","statementMap":{"0":{"start":{"line":1,"column":0},"end":{"line":1,"column":80}},"1":{"start":{"line":2,"column":0},"end":{"line":2,"column":60}},"2":{"start":{"line":3,"column":0},"end":{"line":3,"column":28}},"3":{"start":{"line":12,"column":0},"end":{"line":12,"column":30}},"4":{"start":{"line":13,"column":0},"end":{"line":13,"column":32}},"5":{"start":{"line":14,"column":0},"end":{"line":14,"column":63}},"6":{"start":{"line":24,"column":25},"end":{"line":24,"column":73}},"7":{"start":{"line":24,"column":40},"end":{"line":24,"column":78}},"8":{"start":{"line":27,"column":12},"end":{"line":27,"column":23}},"9":{"start":{"line":28,"column":2},"end":{"line":30,"column":null}},"10":{"start":{"line":29,"column":4},"end":{"line":29,"column":37}},"11":{"start":{"line":31,"column":2},"end":{"line":31,"column":49}},"12":{"start":{"line":34,"column":28},"end":{"line":163,"column":1}},"13":{"start":{"line":36,"column":2},"end":{"line":36,"column":null}},"14":{"start":{"line":37,"column":2},"end":{"line":37,"column":null}},"15":{"start":{"line":39,"column":23},"end":{"line":39,"column":57}},"16":{"start":{"line":41,"column":24},"end":{"line":149,"column":3}},"17":{"start":{"line":42,"column":38},"end":{"line":42,"column":40}},"18":{"start":{"line":43,"column":21},"end":{"line":43,"column":26}},"19":{"start":{"line":46,"column":24},"end":{"line":46,"column":29}},"20":{"start":{"line":47,"column":4},"end":{"line":53,"column":null}},"21":{"start":{"line":51,"column":6},"end":{"line":51,"column":50}},"22":{"start":{"line":52,"column":6},"end":{"line":52,"column":27}},"23":{"start":{"line":55,"column":23},"end":{"line":110,"column":5}},"24":{"start":{"line":56,"column":27},"end":{"line":56,"column":38}},"25":{"start":{"line":57,"column":27},"end":{"line":57,"column":35}},"26":{"start":{"line":60,"column":6},"end":{"line":62,"column":null}},"27":{"start":{"line":61,"column":8},"end":{"line":61,"column":18}},"28":{"start":{"line":64,"column":20},"end":{"line":64,"column":56}},"29":{"start":{"line":66,"column":6},"end":{"line":70,"column":null}},"30":{"start":{"line":69,"column":8},"end":{"line":69,"column":43}},"31":{"start":{"line":72,"column":6},"end":{"line":107,"column":null}},"32":{"start":{"line":73,"column":8},"end":{"line":74,"column":77}},"33":{"start":{"line":76,"column":8},"end":{"line":95,"column":null}},"34":{"start":{"line":77,"column":10},"end":{"line":81,"column":null}},"35":{"start":{"line":78,"column":12},"end":{"line":80,"column":14}},"36":{"start":{"line":83,"column":10},"end":{"line":86,"column":12}},"37":{"start":{"line":88,"column":10},"end":{"line":94,"column":13}},"38":{"start":{"line":97,"column":8},"end":{"line":106,"column":null}},"39":{"start":{"line":98,"column":10},"end":{"line":98,"column":28}},"40":{"start":{"line":99,"column":10},"end":{"line":105,"column":13}},"41":{"start":{"line":109,"column":6},"end":{"line":109,"column":58}},"42":{"start":{"line":112,"column":4},"end":{"line":141,"column":null}},"43":{"start":{"line":114,"column":6},"end":{"line":133,"column":null}},"44":{"start":{"line":116,"column":31},"end":{"line":116,"column":51}},"45":{"start":{"line":117,"column":41},"end":{"line":117,"column":51}},"46":{"start":{"line":118,"column":8},"end":{"line":131,"column":null}},"47":{"start":{"line":119,"column":10},"end":{"line":122,"column":12}},"48":{"start":{"line":125,"column":10},"end":{"line":130,"column":null}},"49":{"start":{"line":126,"column":12},"end":{"line":128,"column":14}},"50":{"start":{"line":129,"column":12},"end":{"line":129,"column":31}},"51":{"start":{"line":132,"column":8},"end":{"line":132,"column":17}},"52":{"start":{"line":136,"column":6},"end":{"line":138,"column":null}},"53":{"start":{"line":137,"column":8},"end":{"line":137,"column":17}},"54":{"start":{"line":140,"column":6},"end":{"line":140,"column":53}},"55":{"start":{"line":144,"column":4},"end":{"line":146,"column":null}},"56":{"start":{"line":145,"column":6},"end":{"line":145,"column":28}},"57":{"start":{"line":148,"column":4},"end":{"line":148,"column":18}},"58":{"start":{"line":151,"column":2},"end":{"line":151,"column":24}},"59":{"start":{"line":152,"column":2},"end":{"line":152,"column":40}},"60":{"start":{"line":153,"column":2},"end":{"line":153,"column":22}},"61":{"start":{"line":155,"column":15},"end":{"line":155,"column":64}},"62":{"start":{"line":155,"column":49},"end":{"line":155,"column":64}},"63":{"start":{"line":156,"column":2},"end":{"line":160,"column":null}},"64":{"start":{"line":157,"column":4},"end":{"line":159,"column":7}},"65":{"start":{"line":158,"column":6},"end":{"line":158,"column":76}},"66":{"start":{"line":162,"column":2},"end":{"line":162,"column":15}},"67":{"start":{"line":34,"column":13},"end":{"line":34,"column":28}},"68":{"start":{"line":165,"column":28},"end":{"line":197,"column":1}},"69":{"start":{"line":165,"column":29},"end":{"line":173,"column":null}},"70":{"start":{"line":166,"column":2},"end":{"line":166,"column":8}},"71":{"start":{"line":166,"column":8},"end":{"line":166,"column":null}},"72":{"start":{"line":167,"column":2},"end":{"line":167,"column":17}},"73":{"start":{"line":167,"column":17},"end":{"line":167,"column":null}},"74":{"start":{"line":168,"column":2},"end":{"line":168,"column":13}},"75":{"start":{"line":168,"column":13},"end":{"line":168,"column":null}},"76":{"start":{"line":174,"column":17},"end":{"line":194,"column":3}},"77":{"start":{"line":175,"column":50},"end":{"line":175,"column":52}},"78":{"start":{"line":176,"column":4},"end":{"line":191,"column":7}},"79":{"start":{"line":177,"column":19},"end":{"line":177,"column":27}},"80":{"start":{"line":178,"column":6},"end":{"line":186,"column":null}},"81":{"start":{"line":180,"column":8},"end":{"line":184,"column":11}},"82":{"start":{"line":185,"column":8},"end":{"line":185,"column":15}},"83":{"start":{"line":187,"column":6},"end":{"line":189,"column":null}},"84":{"start":{"line":188,"column":8},"end":{"line":188,"column":15}},"85":{"start":{"line":190,"column":6},"end":{"line":190,"column":66}},"86":{"start":{"line":192,"column":19},"end":{"line":192,"column":64}},"87":{"start":{"line":193,"column":4},"end":{"line":193,"column":18}},"88":{"start":{"line":196,"column":2},"end":{"line":196,"column":16}},"89":{"start":{"line":165,"column":13},"end":{"line":165,"column":28}}},"fnMap":{"0":{"name":"(anonymous_0)","decl":{"start":{"line":24,"column":25},"end":{"line":24,"column":26}},"loc":{"start":{"line":24,"column":35},"end":{"line":24,"column":73}}},"1":{"name":"parseBreakpoints","decl":{"start":{"line":26,"column":9},"end":{"line":26,"column":25}},"loc":{"start":{"line":26,"column":66},"end":{"line":32,"column":1}}},"2":{"name":"(anonymous_2)","decl":{"start":{"line":34,"column":28},"end":{"line":34,"column":null}},"loc":{"start":{"line":37,"column":25},"end":{"line":163,"column":1}}},"3":{"name":"(anonymous_3)","decl":{"start":{"line":41,"column":24},"end":{"line":41,"column":25}},"loc":{"start":{"line":41,"column":37},"end":{"line":149,"column":3}}},"4":{"name":"(anonymous_4)","decl":{"start":{"line":55,"column":23},"end":{"line":55,"column":24}},"loc":{"start":{"line":55,"column":52},"end":{"line":110,"column":5}}},"5":{"name":"(anonymous_5)","decl":{"start":{"line":155,"column":42},"end":{"line":155,"column":43}},"loc":{"start":{"line":155,"column":44},"end":{"line":155,"column":50}}},"6":{"name":"(anonymous_6)","decl":{"start":{"line":157,"column":17},"end":{"line":157,"column":18}},"loc":{"start":{"line":157,"column":21},"end":{"line":159,"column":5}}},"7":{"name":"(anonymous_7)","decl":{"start":{"line":165,"column":28},"end":{"line":165,"column":29}},"loc":{"start":{"line":173,"column":6},"end":{"line":197,"column":1}}},"8":{"name":"(anonymous_8)","decl":{"start":{"line":174,"column":17},"end":{"line":174,"column":18}},"loc":{"start":{"line":174,"column":43},"end":{"line":194,"column":3}}},"9":{"name":"(anonymous_9)","decl":{"start":{"line":176,"column":29},"end":{"line":176,"column":30}},"loc":{"start":{"line":176,"column":33},"end":{"line":191,"column":5}}}},"branchMap":{"0":{"loc":{"start":{"line":28,"column":2},"end":{"line":30,"column":null}},"type":"if","locations":[{"start":{"line":28,"column":2},"end":{"line":30,"column":null}},{"start":{"line":28,"column":2},"end":{"line":30,"column":null}}]},"1":{"loc":{"start":{"line":36,"column":2},"end":{"line":36,"column":null}},"type":"if","locations":[{"start":{"line":36,"column":2},"end":{"line":36,"column":null}},{"start":{"line":36,"column":2},"end":{"line":36,"column":null}}]},"2":{"loc":{"start":{"line":37,"column":2},"end":{"line":37,"column":null}},"type":"if","locations":[{"start":{"line":37,"column":2},"end":{"line":37,"column":null}},{"start":{"line":37,"column":2},"end":{"line":37,"column":null}}]},"3":{"loc":{"start":{"line":47,"column":4},"end":{"line":53,"column":null}},"type":"if","locations":[{"start":{"line":47,"column":4},"end":{"line":53,"column":null}},{"start":{"line":47,"column":4},"end":{"line":53,"column":null}}]},"4":{"loc":{"start":{"line":48,"column":6},"end":{"line":48,"column":61}},"type":"binary-expr","locations":[{"start":{"line":48,"column":6},"end":{"line":48,"column":61}},{"start":{"line":49,"column":6},"end":{"line":49,"column":51}}]},"5":{"loc":{"start":{"line":48,"column":24},"end":{"line":48,"column":26}},"type":"cond-expr","locations":[{"start":{"line":48,"column":24},"end":{"line":48,"column":26}},{"start":{"line":48,"column":24},"end":{"line":48,"column":45}}]},"6":{"loc":{"start":{"line":48,"column":13},"end":{"line":48,"column":26}},"type":"binary-expr","locations":[{"start":{"line":48,"column":13},"end":{"line":48,"column":26}},{"start":{"line":48,"column":24},"end":{"line":48,"column":26}}]},"7":{"loc":{"start":{"line":60,"column":6},"end":{"line":62,"column":null}},"type":"if","locations":[{"start":{"line":60,"column":6},"end":{"line":62,"column":null}},{"start":{"line":60,"column":6},"end":{"line":62,"column":null}}]},"8":{"loc":{"start":{"line":66,"column":6},"end":{"line":70,"column":null}},"type":"if","locations":[{"start":{"line":66,"column":6},"end":{"line":70,"column":null}},{"start":{"line":66,"column":6},"end":{"line":70,"column":null}}]},"9":{"loc":{"start":{"line":72,"column":6},"end":{"line":107,"column":null}},"type":"if","locations":[{"start":{"line":72,"column":6},"end":{"line":107,"column":null}},{"start":{"line":72,"column":6},"end":{"line":107,"column":null}}]},"10":{"loc":{"start":{"line":74,"column":11},"end":{"line":74,"column":25}},"type":"binary-expr","locations":[{"start":{"line":74,"column":11},"end":{"line":74,"column":25}},{"start":{"line":74,"column":29},"end":{"line":74,"column":46}},{"start":{"line":74,"column":51},"end":{"line":74,"column":76}}]},"11":{"loc":{"start":{"line":74,"column":63},"end":{"line":74,"column":65}},"type":"cond-expr","locations":[{"start":{"line":74,"column":63},"end":{"line":74,"column":65}},{"start":{"line":74,"column":63},"end":{"line":74,"column":76}}]},"12":{"loc":{"start":{"line":74,"column":51},"end":{"line":74,"column":65}},"type":"binary-expr","locations":[{"start":{"line":74,"column":51},"end":{"line":74,"column":65}},{"start":{"line":74,"column":63},"end":{"line":74,"column":65}}]},"13":{"loc":{"start":{"line":74,"column":56},"end":{"line":74,"column":58}},"type":"cond-expr","locations":[{"start":{"line":74,"column":56},"end":{"line":74,"column":58}},{"start":{"line":74,"column":51},"end":{"line":74,"column":63}}]},"14":{"loc":{"start":{"line":74,"column":51},"end":{"line":74,"column":58}},"type":"binary-expr","locations":[{"start":{"line":74,"column":51},"end":{"line":74,"column":58}},{"start":{"line":74,"column":51},"end":{"line":74,"column":58}}]},"15":{"loc":{"start":{"line":76,"column":8},"end":{"line":95,"column":null}},"type":"if","locations":[{"start":{"line":76,"column":8},"end":{"line":95,"column":null}},{"start":{"line":76,"column":8},"end":{"line":95,"column":null}}]},"16":{"loc":{"start":{"line":77,"column":10},"end":{"line":81,"column":null}},"type":"if","locations":[{"start":{"line":77,"column":10},"end":{"line":81,"column":null}},{"start":{"line":77,"column":10},"end":{"line":81,"column":null}}]},"17":{"loc":{"start":{"line":83,"column":25},"end":{"line":83,"column":39}},"type":"binary-expr","locations":[{"start":{"line":83,"column":25},"end":{"line":83,"column":39}},{"start":{"line":83,"column":43},"end":{"line":83,"column":54}},{"start":{"line":83,"column":55},"end":{"line":85,"column":null}}]},"18":{"loc":{"start":{"line":97,"column":8},"end":{"line":106,"column":null}},"type":"if","locations":[{"start":{"line":97,"column":8},"end":{"line":106,"column":null}},{"start":{"line":97,"column":8},"end":{"line":106,"column":null}}]},"19":{"loc":{"start":{"line":114,"column":6},"end":{"line":133,"column":null}},"type":"if","locations":[{"start":{"line":114,"column":6},"end":{"line":133,"column":null}},{"start":{"line":114,"column":6},"end":{"line":133,"column":null}}]},"20":{"loc":{"start":{"line":125,"column":10},"end":{"line":130,"column":null}},"type":"if","locations":[{"start":{"line":125,"column":10},"end":{"line":130,"column":null}},{"start":{"line":125,"column":10},"end":{"line":130,"column":null}}]},"21":{"loc":{"start":{"line":136,"column":6},"end":{"line":138,"column":null}},"type":"if","locations":[{"start":{"line":136,"column":6},"end":{"line":138,"column":null}},{"start":{"line":136,"column":6},"end":{"line":138,"column":null}}]},"22":{"loc":{"start":{"line":144,"column":4},"end":{"line":146,"column":null}},"type":"if","locations":[{"start":{"line":144,"column":4},"end":{"line":146,"column":null}},{"start":{"line":144,"column":4},"end":{"line":146,"column":null}}]},"23":{"loc":{"start":{"line":156,"column":2},"end":{"line":160,"column":null}},"type":"if","locations":[{"start":{"line":156,"column":2},"end":{"line":160,"column":null}},{"start":{"line":156,"column":2},"end":{"line":160,"column":null}}]},"24":{"loc":{"start":{"line":173,"column":4},"end":{"line":173,"column":6}},"type":"cond-expr","locations":[{"start":{"line":173,"column":4},"end":{"line":173,"column":6}},{"start":{"line":173,"column":6},"end":{"line":173,"column":null}}]},"25":{"loc":{"start":{"line":166,"column":11},"end":{"line":166,"column":16}},"type":"cond-expr","locations":[{"start":{"line":166,"column":11},"end":{"line":166,"column":16}},{"start":{"line":166,"column":16},"end":{"line":166,"column":null}}]},"26":{"loc":{"start":{"line":167,"column":20},"end":{"line":167,"column":34}},"type":"cond-expr","locations":[{"start":{"line":167,"column":20},"end":{"line":167,"column":34}},{"start":{"line":167,"column":34},"end":{"line":167,"column":null}}]},"27":{"loc":{"start":{"line":168,"column":16},"end":{"line":168,"column":24}},"type":"cond-expr","locations":[{"start":{"line":168,"column":16},"end":{"line":168,"column":24}},{"start":{"line":168,"column":24},"end":{"line":168,"column":null}}]},"28":{"loc":{"start":{"line":178,"column":6},"end":{"line":186,"column":null}},"type":"if","locations":[{"start":{"line":178,"column":6},"end":{"line":186,"column":null}},{"start":{"line":178,"column":6},"end":{"line":186,"column":null}}]},"29":{"loc":{"start":{"line":187,"column":6},"end":{"line":189,"column":null}},"type":"if","locations":[{"start":{"line":187,"column":6},"end":{"line":189,"column":null}},{"start":{"line":187,"column":6},"end":{"line":189,"column":null}}]}},"s":{"0":16,"1":16,"2":16,"3":16,"4":16,"5":16,"6":16,"7":28,"8":10,"9":10,"10":0,"11":10,"12":16,"13":591,"14":591,"15":309,"16":309,"17":71,"18":71,"19":71,"20":71,"21":8,"22":8,"23":71,"24":168,"25":168,"26":168,"27":2,"28":166,"29":166,"30":3,"31":166,"32":34,"33":34,"34":21,"35":0,"36":21,"37":21,"38":13,"39":12,"40":12,"41":133,"42":71,"43":237,"44":2,"45":2,"46":2,"47":4,"48":4,"49":0,"50":0,"51":2,"52":235,"53":71,"54":164,"55":71,"56":6,"57":71,"58":309,"59":309,"60":309,"61":309,"62":567,"63":309,"64":24,"65":282,"66":309,"67":16,"68":16,"69":27,"70":27,"71":27,"72":27,"73":27,"74":27,"75":27,"76":27,"77":27,"78":27,"79":285,"80":285,"81":77,"82":77,"83":208,"84":0,"85":208,"86":27,"87":27,"88":27,"89":16},"f":{"0":28,"1":10,"2":309,"3":71,"4":168,"5":567,"6":282,"7":27,"8":27,"9":285},"b":{"0":[0,10],"1":[282,27],"2":[282,27],"3":[8,63],"4":[71,8],"5":[3,68],"6":[71,71],"7":[2,166],"8":[3,163],"9":[34,132],"10":[34,25,20],"11":[0,20],"12":[20,20],"13":[0,20],"14":[20,20],"15":[21,13],"16":[0,21],"17":[21,20,10],"18":[12,1],"19":[2,235],"20":[0,4],"21":[71,164],"22":[6,65],"23":[24,285],"24":[23,4],"25":[26,1],"26":[26,1],"27":[25,2],"28":[77,208],"29":[0,208]}}
,"/Users/rfarrer/repos/system-props/src/core/get.ts": {"path":"/Users/rfarrer/repos/system-props/src/core/get.ts","statementMap":{"0":{"start":{"line":7,"column":24},"end":{"line":29,"column":1}},"1":{"start":{"line":8,"column":2},"end":{"line":10,"column":null}},"2":{"start":{"line":9,"column":4},"end":{"line":9,"column":24}},"3":{"start":{"line":12,"column":16},"end":{"line":12,"column":67}},"4":{"start":{"line":15,"column":20},"end":{"line":15,"column":26}},"5":{"start":{"line":17,"column":2},"end":{"line":26,"column":null}},"6":{"start":{"line":17,"column":15},"end":{"line":17,"column":16}},"7":{"start":{"line":20,"column":17},"end":{"line":20,"column":25}},"8":{"start":{"line":21,"column":4},"end":{"line":25,"column":null}},"9":{"start":{"line":22,"column":6},"end":{"line":22,"column":28}},"10":{"start":{"line":24,"column":6},"end":{"line":24,"column":25}},"11":{"start":{"line":28,"column":2},"end":{"line":28,"column":54}},"12":{"start":{"line":7,"column":13},"end":{"line":7,"column":24}},"13":{"start":{"line":35,"column":30},"end":{"line":43,"column":1}},"14":{"start":{"line":38,"column":2},"end":{"line":40,"column":null}},"15":{"start":{"line":39,"column":4},"end":{"line":39,"column":40}},"16":{"start":{"line":42,"column":2},"end":{"line":42,"column":54}},"17":{"start":{"line":35,"column":13},"end":{"line":35,"column":30}},"18":{"start":{"line":49,"column":27},"end":{"line":57,"column":1}},"19":{"start":{"line":50,"column":15},"end":{"line":50,"column":32}},"20":{"start":{"line":52,"column":2},"end":{"line":54,"column":null}},"21":{"start":{"line":53,"column":4},"end":{"line":53,"column":40}},"22":{"start":{"line":56,"column":2},"end":{"line":56,"column":54}},"23":{"start":{"line":49,"column":13},"end":{"line":49,"column":27}},"24":{"start":{"line":59,"column":26},"end":{"line":85,"column":1}},"25":{"start":{"line":60,"column":14},"end":{"line":60,"column":27}},"26":{"start":{"line":62,"column":26},"end":{"line":82,"column":3}},"27":{"start":{"line":63,"column":4},"end":{"line":65,"column":null}},"28":{"start":{"line":64,"column":6},"end":{"line":64,"column":37}},"29":{"start":{"line":67,"column":4},"end":{"line":69,"column":null}},"30":{"start":{"line":68,"column":6},"end":{"line":68,"column":32}},"31":{"start":{"line":71,"column":16},"end":{"line":71,"column":30}},"32":{"start":{"line":73,"column":4},"end":{"line":75,"column":null}},"33":{"start":{"line":74,"column":6},"end":{"line":74,"column":27}},"34":{"start":{"line":77,"column":18},"end":{"line":77,"column":41}},"35":{"start":{"line":79,"column":4},"end":{"line":79,"column":25}},"36":{"start":{"line":81,"column":4},"end":{"line":81,"column":17}},"37":{"start":{"line":84,"column":2},"end":{"line":84,"column":20}},"38":{"start":{"line":59,"column":13},"end":{"line":59,"column":26}},"39":{"start":{"line":87,"column":13},"end":{"line":91,"column":2}}},"fnMap":{"0":{"name":"(anonymous_0)","decl":{"start":{"line":7,"column":24},"end":{"line":7,"column":25}},"loc":{"start":{"line":7,"column":51},"end":{"line":29,"column":1}}},"1":{"name":"(anonymous_1)","decl":{"start":{"line":35,"column":30},"end":{"line":35,"column":31}},"loc":{"start":{"line":35,"column":57},"end":{"line":43,"column":1}}},"2":{"name":"(anonymous_2)","decl":{"start":{"line":49,"column":27},"end":{"line":49,"column":28}},"loc":{"start":{"line":49,"column":54},"end":{"line":57,"column":1}}},"3":{"name":"(anonymous_3)","decl":{"start":{"line":59,"column":26},"end":{"line":59,"column":27}},"loc":{"start":{"line":59,"column":34},"end":{"line":85,"column":1}}},"4":{"name":"(anonymous_4)","decl":{"start":{"line":62,"column":26},"end":{"line":62,"column":27}},"loc":{"start":{"line":62,"column":46},"end":{"line":82,"column":3}}}},"branchMap":{"0":{"loc":{"start":{"line":8,"column":2},"end":{"line":10,"column":null}},"type":"if","locations":[{"start":{"line":8,"column":2},"end":{"line":10,"column":null}},{"start":{"line":8,"column":2},"end":{"line":10,"column":null}}]},"1":{"loc":{"start":{"line":12,"column":43},"end":{"line":12,"column":58}},"type":"cond-expr","locations":[{"start":{"line":12,"column":43},"end":{"line":12,"column":58}},{"start":{"line":12,"column":61},"end":{"line":12,"column":67}}]},"2":{"loc":{"start":{"line":21,"column":4},"end":{"line":25,"column":null}},"type":"if","locations":[{"start":{"line":21,"column":4},"end":{"line":25,"column":null}},{"start":{"line":21,"column":4},"end":{"line":25,"column":null}}]},"3":{"loc":{"start":{"line":21,"column":8},"end":{"line":21,"column":14}},"type":"binary-expr","locations":[{"start":{"line":21,"column":8},"end":{"line":21,"column":14}},{"start":{"line":21,"column":19},"end":{"line":21,"column":43}},{"start":{"line":21,"column":47},"end":{"line":21,"column":71}}]},"4":{"loc":{"start":{"line":28,"column":32},"end":{"line":28,"column":44}},"type":"cond-expr","locations":[{"start":{"line":28,"column":32},"end":{"line":28,"column":44}},{"start":{"line":28,"column":47},"end":{"line":28,"column":53}}]},"5":{"loc":{"start":{"line":38,"column":2},"end":{"line":40,"column":null}},"type":"if","locations":[{"start":{"line":38,"column":2},"end":{"line":40,"column":null}},{"start":{"line":38,"column":2},"end":{"line":40,"column":null}}]},"6":{"loc":{"start":{"line":38,"column":6},"end":{"line":38,"column":30}},"type":"binary-expr","locations":[{"start":{"line":38,"column":6},"end":{"line":38,"column":30}},{"start":{"line":38,"column":34},"end":{"line":38,"column":54}}]},"7":{"loc":{"start":{"line":42,"column":32},"end":{"line":42,"column":44}},"type":"cond-expr","locations":[{"start":{"line":42,"column":32},"end":{"line":42,"column":44}},{"start":{"line":42,"column":47},"end":{"line":42,"column":53}}]},"8":{"loc":{"start":{"line":52,"column":2},"end":{"line":54,"column":null}},"type":"if","locations":[{"start":{"line":52,"column":2},"end":{"line":54,"column":null}},{"start":{"line":52,"column":2},"end":{"line":54,"column":null}}]},"9":{"loc":{"start":{"line":52,"column":6},"end":{"line":52,"column":30}},"type":"binary-expr","locations":[{"start":{"line":52,"column":6},"end":{"line":52,"column":30}},{"start":{"line":52,"column":34},"end":{"line":52,"column":54}}]},"10":{"loc":{"start":{"line":56,"column":32},"end":{"line":56,"column":44}},"type":"cond-expr","locations":[{"start":{"line":56,"column":32},"end":{"line":56,"column":44}},{"start":{"line":56,"column":47},"end":{"line":56,"column":53}}]},"11":{"loc":{"start":{"line":63,"column":4},"end":{"line":65,"column":null}},"type":"if","locations":[{"start":{"line":63,"column":4},"end":{"line":65,"column":null}},{"start":{"line":63,"column":4},"end":{"line":65,"column":null}}]},"12":{"loc":{"start":{"line":67,"column":4},"end":{"line":69,"column":null}},"type":"if","locations":[{"start":{"line":67,"column":4},"end":{"line":69,"column":null}},{"start":{"line":67,"column":4},"end":{"line":69,"column":null}}]},"13":{"loc":{"start":{"line":73,"column":4},"end":{"line":75,"column":null}},"type":"if","locations":[{"start":{"line":73,"column":4},"end":{"line":75,"column":null}},{"start":{"line":73,"column":4},"end":{"line":75,"column":null}}]}},"s":{"0":19,"1":311,"2":11,"3":300,"4":300,"5":300,"6":300,"7":303,"8":303,"9":301,"10":2,"11":300,"12":19,"13":19,"14":221,"15":99,"16":221,"17":19,"18":19,"19":6,"20":6,"21":2,"22":6,"23":19,"24":19,"25":58,"26":58,"27":280,"28":76,"29":204,"30":67,"31":204,"32":204,"33":63,"34":141,"35":141,"36":141,"37":58,"38":19,"39":19},"f":{"0":311,"1":221,"2":6,"3":58,"4":280},"b":{"0":[11,300],"1":[292,8],"2":[301,2],"3":[303,303,297],"4":[55,245],"5":[99,122],"6":[221,177],"7":[125,96],"8":[2,4],"9":[6,4],"10":[0,6],"11":[76,204],"12":[67,137],"13":[63,141]}}
,"/Users/rfarrer/repos/system-props/src/core/index.ts": {"path":"/Users/rfarrer/repos/system-props/src/core/index.ts","statementMap":{"0":{"start":{"line":1,"column":0},"end":{"line":1,"column":9}},"1":{"start":{"line":1,"column":9},"end":{"line":1,"column":28}},"2":{"start":{"line":2,"column":0},"end":{"line":2,"column":9}},"3":{"start":{"line":2,"column":9},"end":{"line":2,"column":46}},"4":{"start":{"line":3,"column":0},"end":{"line":3,"column":9}},"5":{"start":{"line":3,"column":9},"end":{"line":3,"column":40}}},"fnMap":{"0":{"name":"(anonymous_0)","decl":{"start":{"line":1,"column":9},"end":{"line":1,"column":12}},"loc":{"start":{"line":1,"column":9},"end":{"line":1,"column":28}}},"1":{"name":"(anonymous_1)","decl":{"start":{"line":2,"column":9},"end":{"line":2,"column":21}},"loc":{"start":{"line":2,"column":9},"end":{"line":2,"column":46}}},"2":{"name":"(anonymous_2)","decl":{"start":{"line":3,"column":9},"end":{"line":3,"column":18}},"loc":{"start":{"line":3,"column":9},"end":{"line":3,"column":40}}}},"branchMap":{},"s":{"0":14,"1":15,"2":14,"3":26,"4":14,"5":15},"f":{"0":1,"1":12,"2":1},"b":{}}
,"/Users/rfarrer/repos/system-props/src/core/merge.ts": {"path":"/Users/rfarrer/repos/system-props/src/core/merge.ts","statementMap":{"0":{"start":{"line":6,"column":2},"end":{"line":6,"column":24}},"1":{"start":{"line":9,"column":21},"end":{"line":20,"column":1}},"2":{"start":{"line":10,"column":15},"end":{"line":10,"column":29}},"3":{"start":{"line":11,"column":2},"end":{"line":18,"column":null}},"4":{"start":{"line":12,"column":4},"end":{"line":14,"column":null}},"5":{"start":{"line":13,"column":6},"end":{"line":13,"column":15}},"6":{"start":{"line":15,"column":4},"end":{"line":17,"column":7}},"7":{"start":{"line":19,"column":2},"end":{"line":19,"column":16}},"8":{"start":{"line":9,"column":13},"end":{"line":9,"column":21}}},"fnMap":{"0":{"name":"mergeObj","decl":{"start":{"line":5,"column":9},"end":{"line":5,"column":17}},"loc":{"start":{"line":5,"column":30},"end":{"line":7,"column":1}}},"1":{"name":"(anonymous_1)","decl":{"start":{"line":9,"column":21},"end":{"line":9,"column":22}},"loc":{"start":{"line":9,"column":44},"end":{"line":20,"column":1}}}},"branchMap":{"0":{"loc":{"start":{"line":12,"column":4},"end":{"line":14,"column":null}},"type":"if","locations":[{"start":{"line":12,"column":4},"end":{"line":14,"column":null}},{"start":{"line":12,"column":4},"end":{"line":14,"column":null}}]},"1":{"loc":{"start":{"line":12,"column":8},"end":{"line":12,"column":15}},"type":"binary-expr","locations":[{"start":{"line":12,"column":8},"end":{"line":12,"column":15}},{"start":{"line":12,"column":19},"end":{"line":12,"column":45}}]}},"s":{"0":213,"1":18,"2":179,"3":179,"4":326,"5":309,"6":17,"7":179,"8":18},"f":{"0":213,"1":179},"b":{"0":[309,17],"1":[326,314]}}
,"/Users/rfarrer/repos/system-props/src/core/parseResponsive.ts": {"path":"/Users/rfarrer/repos/system-props/src/core/parseResponsive.ts","statementMap":{"0":{"start":{"line":10,"column":25},"end":{"line":10,"column":73}},"1":{"start":{"line":10,"column":40},"end":{"line":10,"column":78}},"2":{"start":{"line":12,"column":36},"end":{"line":54,"column":1}},"3":{"start":{"line":13,"column":7},"end":{"line":13,"column":null}},"4":{"start":{"line":14,"column":14},"end":{"line":14,"column":null}},"5":{"start":{"line":15,"column":7},"end":{"line":15,"column":null}},"6":{"start":{"line":16,"column":11},"end":{"line":16,"column":null}},"7":{"start":{"line":17,"column":7},"end":{"line":17,"column":null}},"8":{"start":{"line":27,"column":15},"end":{"line":27,"column":17}},"9":{"start":{"line":28,"column":23},"end":{"line":28,"column":70}},"10":{"start":{"line":29,"column":2},"end":{"line":52,"column":5}},"11":{"start":{"line":32,"column":6},"end":{"line":34,"column":22}},"12":{"start":{"line":36,"column":18},"end":{"line":36,"column":33}},"13":{"start":{"line":38,"column":32},"end":{"line":38,"column":72}},"14":{"start":{"line":40,"column":4},"end":{"line":51,"column":null}},"15":{"start":{"line":41,"column":6},"end":{"line":41,"column":39}},"16":{"start":{"line":43,"column":6},"end":{"line":50,"column":8}},"17":{"start":{"line":53,"column":2},"end":{"line":53,"column":16}},"18":{"start":{"line":12,"column":13},"end":{"line":12,"column":36}},"19":{"start":{"line":56,"column":37},"end":{"line":108,"column":1}},"20":{"start":{"line":57,"column":7},"end":{"line":57,"column":null}},"21":{"start":{"line":58,"column":14},"end":{"line":58,"column":null}},"22":{"start":{"line":59,"column":7},"end":{"line":59,"column":null}},"23":{"start":{"line":60,"column":11},"end":{"line":60,"column":null}},"24":{"start":{"line":61,"column":7},"end":{"line":61,"column":null}},"25":{"start":{"line":74,"column":22},"end":{"line":74,"column":67}},"26":{"start":{"line":75,"column":15},"end":{"line":75,"column":17}},"27":{"start":{"line":76,"column":2},"end":{"line":106,"column":null}},"28":{"start":{"line":78,"column":23},"end":{"line":78,"column":39}},"29":{"start":{"line":79,"column":25},"end":{"line":79,"column":39}},"30":{"start":{"line":88,"column":6},"end":{"line":90,"column":22}},"31":{"start":{"line":92,"column":18},"end":{"line":92,"column":58}},"32":{"start":{"line":93,"column":4},"end":{"line":105,"column":null}},"33":{"start":{"line":94,"column":6},"end":{"line":94,"column":39}},"34":{"start":{"line":96,"column":20},"end":{"line":96,"column":48}},"35":{"start":{"line":97,"column":6},"end":{"line":104,"column":8}},"36":{"start":{"line":107,"column":2},"end":{"line":107,"column":16}},"37":{"start":{"line":56,"column":13},"end":{"line":56,"column":37}}},"fnMap":{"0":{"name":"(anonymous_0)","decl":{"start":{"line":10,"column":25},"end":{"line":10,"column":26}},"loc":{"start":{"line":10,"column":35},"end":{"line":10,"column":73}}},"1":{"name":"(anonymous_1)","decl":{"start":{"line":12,"column":36},"end":{"line":12,"column":37}},"loc":{"start":{"line":26,"column":1},"end":{"line":54,"column":1}}},"2":{"name":"(anonymous_2)","decl":{"start":{"line":29,"column":50},"end":{"line":29,"column":51}},"loc":{"start":{"line":29,"column":66},"end":{"line":52,"column":3}}},"3":{"name":"(anonymous_3)","decl":{"start":{"line":56,"column":37},"end":{"line":56,"column":38}},"loc":{"start":{"line":73,"column":1},"end":{"line":108,"column":1}}}},"branchMap":{"0":{"loc":{"start":{"line":33,"column":10},"end":{"line":33,"column":35}},"type":"cond-expr","locations":[{"start":{"line":33,"column":10},"end":{"line":33,"column":35}},{"start":{"line":34,"column":10},"end":{"line":34,"column":22}}]},"1":{"loc":{"start":{"line":40,"column":4},"end":{"line":51,"column":null}},"type":"if","locations":[{"start":{"line":40,"column":4},"end":{"line":51,"column":null}},{"start":{"line":40,"column":4},"end":{"line":51,"column":null}}]},"2":{"loc":{"start":{"line":89,"column":10},"end":{"line":89,"column":35}},"type":"cond-expr","locations":[{"start":{"line":89,"column":10},"end":{"line":89,"column":35}},{"start":{"line":90,"column":10},"end":{"line":90,"column":22}}]},"3":{"loc":{"start":{"line":93,"column":4},"end":{"line":105,"column":null}},"type":"if","locations":[{"start":{"line":93,"column":4},"end":{"line":105,"column":null}},{"start":{"line":93,"column":4},"end":{"line":105,"column":null}}]}},"s":{"0":16,"1":19,"2":16,"3":21,"4":21,"5":21,"6":21,"7":21,"8":21,"9":21,"10":21,"11":61,"12":61,"13":61,"14":61,"15":21,"16":40,"17":21,"18":16,"19":16,"20":12,"21":12,"22":12,"23":12,"24":12,"25":12,"26":12,"27":12,"28":28,"29":28,"30":28,"31":28,"32":28,"33":9,"34":19,"35":19,"36":12,"37":16},"f":{"0":19,"1":21,"2":61,"3":12},"b":{"0":[2,59],"1":[21,40],"2":[2,26],"3":[9,19]}}
,"/Users/rfarrer/repos/system-props/src/core/sort.ts": {"path":"/Users/rfarrer/repos/system-props/src/core/sort.ts","statementMap":{"0":{"start":{"line":3,"column":17},"end":{"line":6,"column":2}},"1":{"start":{"line":13,"column":20},"end":{"line":21,"column":1}},"2":{"start":{"line":14,"column":27},"end":{"line":14,"column":29}},"3":{"start":{"line":15,"column":2},"end":{"line":19,"column":7}},"4":{"start":{"line":16,"column":20},"end":{"line":16,"column":43}},"5":{"start":{"line":18,"column":6},"end":{"line":18,"column":27}},"6":{"start":{"line":20,"column":2},"end":{"line":20,"column":14}},"7":{"start":{"line":13,"column":13},"end":{"line":13,"column":20}}},"fnMap":{"0":{"name":"(anonymous_0)","decl":{"start":{"line":13,"column":20},"end":{"line":13,"column":21}},"loc":{"start":{"line":13,"column":36},"end":{"line":21,"column":1}}},"1":{"name":"(anonymous_1)","decl":{"start":{"line":16,"column":10},"end":{"line":16,"column":11}},"loc":{"start":{"line":16,"column":15},"end":{"line":16,"column":28}}},"2":{"name":"(anonymous_2)","decl":{"start":{"line":17,"column":13},"end":{"line":17,"column":14}},"loc":{"start":{"line":17,"column":17},"end":{"line":19,"column":5}}}},"branchMap":{},"s":{"0":16,"1":16,"2":6,"3":6,"4":28,"5":23,"6":6,"7":16},"f":{"0":6,"1":28,"2":23},"b":{}}
,"/Users/rfarrer/repos/system-props/src/props/index.ts": {"path":"/Users/rfarrer/repos/system-props/src/props/index.ts","statementMap":{"0":{"start":{"line":1,"column":0},"end":{"line":1,"column":29}},"1":{"start":{"line":2,"column":0},"end":{"line":2,"column":25}},"2":{"start":{"line":3,"column":0},"end":{"line":3,"column":24}},"3":{"start":{"line":4,"column":0},"end":{"line":4,"column":26}},"4":{"start":{"line":5,"column":0},"end":{"line":5,"column":23}},"5":{"start":{"line":6,"column":0},"end":{"line":6,"column":25}},"6":{"start":{"line":7,"column":0},"end":{"line":7,"column":27}},"7":{"start":{"line":8,"column":0},"end":{"line":8,"column":25}},"8":{"start":{"line":9,"column":0},"end":{"line":9,"column":24}},"9":{"start":{"line":10,"column":0},"end":{"line":10,"column":29}},"10":{"start":{"line":11,"column":0},"end":{"line":11,"column":29}},"11":{"start":{"line":12,"column":0},"end":{"line":12,"column":9}},"12":{"start":{"line":12,"column":9},"end":{"line":12,"column":37}}},"fnMap":{"0":{"name":"(anonymous_0)","decl":{"start":{"line":12,"column":9},"end":{"line":12,"column":15}},"loc":{"start":{"line":12,"column":9},"end":{"line":12,"column":37}}}},"branchMap":{},"s":{"0":3,"1":3,"2":3,"3":3,"4":3,"5":3,"6":3,"7":3,"8":3,"9":3,"10":3,"11":3,"12":3},"f":{"0":0},"b":{}}
,"/Users/rfarrer/repos/system-props/src/props/positiveOrNegative.ts": {"path":"/Users/rfarrer/repos/system-props/src/props/positiveOrNegative.ts","statementMap":{"0":{"start":{"line":3,"column":17},"end":{"line":3,"column":49}},"1":{"start":{"line":3,"column":42},"end":{"line":3,"column":77}},"2":{"start":{"line":5,"column":45},"end":{"line":37,"column":1}},"3":{"start":{"line":6,"column":6},"end":{"line":6,"column":null}},"4":{"start":{"line":7,"column":8},"end":{"line":7,"column":null}},"5":{"start":{"line":8,"column":8},"end":{"line":8,"column":null}},"6":{"start":{"line":9,"column":5},"end":{"line":9,"column":null}},"7":{"start":{"line":11,"column":2},"end":{"line":21,"column":null}},"8":{"start":{"line":12,"column":4},"end":{"line":19,"column":null}},"9":{"start":{"line":13,"column":18},"end":{"line":13,"column":31}},"10":{"start":{"line":14,"column":20},"end":{"line":14,"column":41}},"11":{"start":{"line":15,"column":6},"end":{"line":17,"column":null}},"12":{"start":{"line":16,"column":8},"end":{"line":16,"column":26}},"13":{"start":{"line":18,"column":6},"end":{"line":18,"column":25}},"14":{"start":{"line":20,"column":4},"end":{"line":20,"column":56}},"15":{"start":{"line":23,"column":14},"end":{"line":23,"column":28}},"16":{"start":{"line":25,"column":21},"end":{"line":25,"column":28}},"17":{"start":{"line":26,"column":19},"end":{"line":26,"column":32}},"18":{"start":{"line":27,"column":16},"end":{"line":27,"column":68}},"19":{"start":{"line":28,"column":2},"end":{"line":30,"column":null}},"20":{"start":{"line":29,"column":4},"end":{"line":29,"column":41}},"21":{"start":{"line":32,"column":2},"end":{"line":34,"column":null}},"22":{"start":{"line":33,"column":4},"end":{"line":33,"column":11}},"23":{"start":{"line":36,"column":2},"end":{"line":36,"column":42}},"24":{"start":{"line":5,"column":13},"end":{"line":5,"column":45}}},"fnMap":{"0":{"name":"(anonymous_0)","decl":{"start":{"line":3,"column":17},"end":{"line":3,"column":18}},"loc":{"start":{"line":3,"column":28},"end":{"line":3,"column":49}}},"1":{"name":"(anonymous_1)","decl":{"start":{"line":5,"column":45},"end":{"line":5,"column":46}},"loc":{"start":{"line":10,"column":1},"end":{"line":37,"column":1}}}},"branchMap":{"0":{"loc":{"start":{"line":3,"column":42},"end":{"line":3,"column":63}},"type":"binary-expr","locations":[{"start":{"line":3,"column":42},"end":{"line":3,"column":63}},{"start":{"line":3,"column":67},"end":{"line":3,"column":76}}]},"1":{"loc":{"start":{"line":11,"column":2},"end":{"line":21,"column":null}},"type":"if","locations":[{"start":{"line":11,"column":2},"end":{"line":21,"column":null}},{"start":{"line":11,"column":2},"end":{"line":21,"column":null}}]},"2":{"loc":{"start":{"line":12,"column":4},"end":{"line":19,"column":null}},"type":"if","locations":[{"start":{"line":12,"column":4},"end":{"line":19,"column":null}},{"start":{"line":12,"column":4},"end":{"line":19,"column":null}}]},"3":{"loc":{"start":{"line":12,"column":8},"end":{"line":12,"column":32}},"type":"binary-expr","locations":[{"start":{"line":12,"column":8},"end":{"line":12,"column":32}},{"start":{"line":12,"column":36},"end":{"line":12,"column":56}}]},"4":{"loc":{"start":{"line":15,"column":6},"end":{"line":17,"column":null}},"type":"if","locations":[{"start":{"line":15,"column":6},"end":{"line":17,"column":null}},{"start":{"line":15,"column":6},"end":{"line":17,"column":null}}]},"5":{"loc":{"start":{"line":20,"column":38},"end":{"line":20,"column":47}},"type":"cond-expr","locations":[{"start":{"line":20,"column":38},"end":{"line":20,"column":47}},{"start":{"line":20,"column":50},"end":{"line":20,"column":54}}]},"6":{"loc":{"start":{"line":27,"column":47},"end":{"line":27,"column":56}},"type":"cond-expr","locations":[{"start":{"line":27,"column":47},"end":{"line":27,"column":56}},{"start":{"line":27,"column":59},"end":{"line":27,"column":67}}]},"7":{"loc":{"start":{"line":28,"column":2},"end":{"line":30,"column":null}},"type":"if","locations":[{"start":{"line":28,"column":2},"end":{"line":30,"column":null}},{"start":{"line":28,"column":2},"end":{"line":30,"column":null}}]},"8":{"loc":{"start":{"line":29,"column":33},"end":{"line":29,"column":35}},"type":"cond-expr","locations":[{"start":{"line":29,"column":33},"end":{"line":29,"column":35}},{"start":{"line":29,"column":38},"end":{"line":29,"column":39}}]},"9":{"loc":{"start":{"line":32,"column":2},"end":{"line":34,"column":null}},"type":"if","locations":[{"start":{"line":32,"column":2},"end":{"line":34,"column":null}},{"start":{"line":32,"column":2},"end":{"line":34,"column":null}}]},"10":{"loc":{"start":{"line":36,"column":22},"end":{"line":36,"column":33}},"type":"cond-expr","locations":[{"start":{"line":36,"column":22},"end":{"line":36,"column":33}},{"start":{"line":36,"column":36},"end":{"line":36,"column":41}}]}},"s":{"0":6,"1":74,"2":6,"3":57,"4":57,"5":57,"6":57,"7":57,"8":48,"9":8,"10":8,"11":8,"12":5,"13":3,"14":40,"15":9,"16":9,"17":9,"18":9,"19":9,"20":6,"21":3,"22":0,"23":3,"24":6},"f":{"0":74,"1":57},"b":{"0":[74,20],"1":[48,9],"2":[8,40],"3":[48,48],"4":[5,3],"5":[0,40],"6":[0,9],"7":[6,3],"8":[1,5],"9":[0,3],"10":[0,3]}}
,"/Users/rfarrer/repos/system-props/src/props/tokenizeValue.ts": {"path":"/Users/rfarrer/repos/system-props/src/props/tokenizeValue.ts","statementMap":{"0":{"start":{"line":6,"column":21},"end":{"line":6,"column":22}},"1":{"start":{"line":7,"column":28},"end":{"line":7,"column":29}},"2":{"start":{"line":8,"column":23},"end":{"line":8,"column":24}},"3":{"start":{"line":9,"column":22},"end":{"line":9,"column":23}},"4":{"start":{"line":19,"column":19},"end":{"line":19,"column":21}},"5":{"start":{"line":20,"column":19},"end":{"line":20,"column":20}},"6":{"start":{"line":21,"column":30},"end":{"line":21,"column":34}},"7":{"start":{"line":23,"column":29},"end":{"line":96,"column":1}},"8":{"start":{"line":24,"column":2},"end":{"line":24,"column":22}},"9":{"start":{"line":25,"column":2},"end":{"line":25,"column":21}},"10":{"start":{"line":26,"column":2},"end":{"line":28,"column":null}},"11":{"start":{"line":27,"column":4},"end":{"line":27,"column":23}},"12":{"start":{"line":29,"column":20},"end":{"line":29,"column":30}},"13":{"start":{"line":30,"column":2},"end":{"line":93,"column":null}},"14":{"start":{"line":30,"column":15},"end":{"line":30,"column":16}},"15":{"start":{"line":31,"column":17},"end":{"line":31,"column":23}},"16":{"start":{"line":32,"column":4},"end":{"line":92,"column":null}},"17":{"start":{"line":35,"column":8},"end":{"line":39,"column":null}},"18":{"start":{"line":36,"column":10},"end":{"line":36,"column":35}},"19":{"start":{"line":37,"column":15},"end":{"line":39,"column":null}},"20":{"start":{"line":38,"column":10},"end":{"line":38,"column":31}},"21":{"start":{"line":40,"column":8},"end":{"line":40,"column":14}},"22":{"start":{"line":43,"column":8},"end":{"line":48,"column":null}},"23":{"start":{"line":44,"column":10},"end":{"line":44,"column":35}},"24":{"start":{"line":45,"column":10},"end":{"line":45,"column":29}},"25":{"start":{"line":47,"column":10},"end":{"line":47,"column":31}},"26":{"start":{"line":49,"column":8},"end":{"line":49,"column":14}},"27":{"start":{"line":53,"column":8},"end":{"line":53,"column":29}},"28":{"start":{"line":54,"column":8},"end":{"line":60,"column":null}},"29":{"start":{"line":55,"column":10},"end":{"line":55,"column":44}},"30":{"start":{"line":56,"column":10},"end":{"line":56,"column":27}},"31":{"start":{"line":57,"column":15},"end":{"line":60,"column":null}},"32":{"start":{"line":58,"column":10},"end":{"line":58,"column":27}},"33":{"start":{"line":59,"column":10},"end":{"line":59,"column":35}},"34":{"start":{"line":61,"column":8},"end":{"line":61,"column":14}},"35":{"start":{"line":65,"column":8},"end":{"line":65,"column":56}},"36":{"start":{"line":65,"column":27},"end":{"line":65,"column":56}},"37":{"start":{"line":66,"column":8},"end":{"line":66,"column":23}},"38":{"start":{"line":67,"column":8},"end":{"line":67,"column":29}},"39":{"start":{"line":68,"column":8},"end":{"line":68,"column":14}},"40":{"start":{"line":71,"column":8},"end":{"line":71,"column":29}},"41":{"start":{"line":72,"column":8},"end":{"line":72,"column":23}},"42":{"start":{"line":73,"column":8},"end":{"line":74,"column":35}},"43":{"start":{"line":74,"column":10},"end":{"line":74,"column":35}},"44":{"start":{"line":75,"column":8},"end":{"line":75,"column":14}},"45":{"start":{"line":79,"column":8},"end":{"line":79,"column":55}},"46":{"start":{"line":79,"column":27},"end":{"line":79,"column":55}},"47":{"start":{"line":80,"column":8},"end":{"line":80,"column":29}},"48":{"start":{"line":81,"column":8},"end":{"line":81,"column":23}},"49":{"start":{"line":82,"column":8},"end":{"line":82,"column":14}},"50":{"start":{"line":84,"column":8},"end":{"line":84,"column":29}},"51":{"start":{"line":85,"column":8},"end":{"line":85,"column":23}},"52":{"start":{"line":86,"column":8},"end":{"line":86,"column":52}},"53":{"start":{"line":86,"column":27},"end":{"line":86,"column":52}},"54":{"start":{"line":87,"column":8},"end":{"line":87,"column":14}},"55":{"start":{"line":90,"column":8},"end":{"line":90,"column":53}},"56":{"start":{"line":90,"column":26},"end":{"line":90,"column":53}},"57":{"start":{"line":91,"column":8},"end":{"line":91,"column":29}},"58":{"start":{"line":94,"column":2},"end":{"line":94,"column":45}},"59":{"start":{"line":94,"column":20},"end":{"line":94,"column":45}},"60":{"start":{"line":95,"column":2},"end":{"line":95,"column":21}},"61":{"start":{"line":23,"column":13},"end":{"line":23,"column":29}},"62":{"start":{"line":105,"column":2},"end":{"line":105,"column":33}},"63":{"start":{"line":106,"column":2},"end":{"line":106,"column":20}},"64":{"start":{"line":112,"column":2},"end":{"line":112,"column":74}},"65":{"start":{"line":112,"column":19},"end":{"line":112,"column":74}},"66":{"start":{"line":113,"column":2},"end":{"line":113,"column":22}},"67":{"start":{"line":121,"column":2},"end":{"line":121,"column":39}},"68":{"start":{"line":122,"column":2},"end":{"line":122,"column":22}}},"fnMap":{"0":{"name":"(anonymous_0)","decl":{"start":{"line":23,"column":29},"end":{"line":23,"column":30}},"loc":{"start":{"line":23,"column":41},"end":{"line":96,"column":1}}},"1":{"name":"resetCurrentToken","decl":{"start":{"line":104,"column":9},"end":{"line":104,"column":26}},"loc":{"start":{"line":104,"column":26},"end":{"line":107,"column":1}}},"2":{"name":"addCurrentTokenToGroup","decl":{"start":{"line":111,"column":9},"end":{"line":111,"column":31}},"loc":{"start":{"line":111,"column":31},"end":{"line":114,"column":1}}},"3":{"name":"addNewTokenGroup","decl":{"start":{"line":120,"column":9},"end":{"line":120,"column":25}},"loc":{"start":{"line":120,"column":25},"end":{"line":123,"column":1}}}},"branchMap":{"0":{"loc":{"start":{"line":26,"column":2},"end":{"line":28,"column":null}},"type":"if","locations":[{"start":{"line":26,"column":2},"end":{"line":28,"column":null}},{"start":{"line":26,"column":2},"end":{"line":28,"column":null}}]},"1":{"loc":{"start":{"line":34,"column":6},"end":{"line":40,"column":14}},"type":"switch","locations":[{"start":{"line":34,"column":6},"end":{"line":40,"column":14}},{"start":{"line":42,"column":6},"end":{"line":49,"column":14}},{"start":{"line":52,"column":6},"end":{"line":61,"column":14}},{"start":{"line":64,"column":6},"end":{"line":68,"column":14}},{"start":{"line":70,"column":6},"end":{"line":75,"column":14}},{"start":{"line":78,"column":6},"end":{"line":82,"column":14}},{"start":{"line":83,"column":6},"end":{"line":87,"column":14}},{"start":{"line":89,"column":6},"end":{"line":91,"column":29}}]},"2":{"loc":{"start":{"line":35,"column":8},"end":{"line":39,"column":null}},"type":"if","locations":[{"start":{"line":35,"column":8},"end":{"line":39,"column":null}},{"start":{"line":35,"column":8},"end":{"line":39,"column":null}}]},"3":{"loc":{"start":{"line":37,"column":15},"end":{"line":39,"column":null}},"type":"if","locations":[{"start":{"line":37,"column":15},"end":{"line":39,"column":null}},{"start":{"line":37,"column":15},"end":{"line":39,"column":null}}]},"4":{"loc":{"start":{"line":43,"column":8},"end":{"line":48,"column":null}},"type":"if","locations":[{"start":{"line":43,"column":8},"end":{"line":48,"column":null}},{"start":{"line":43,"column":8},"end":{"line":48,"column":null}}]},"5":{"loc":{"start":{"line":54,"column":8},"end":{"line":60,"column":null}},"type":"if","locations":[{"start":{"line":54,"column":8},"end":{"line":60,"column":null}},{"start":{"line":54,"column":8},"end":{"line":60,"column":null}}]},"6":{"loc":{"start":{"line":54,"column":12},"end":{"line":54,"column":25}},"type":"binary-expr","locations":[{"start":{"line":54,"column":12},"end":{"line":54,"column":25}},{"start":{"line":54,"column":29},"end":{"line":54,"column":41}}]},"7":{"loc":{"start":{"line":57,"column":15},"end":{"line":60,"column":null}},"type":"if","locations":[{"start":{"line":57,"column":15},"end":{"line":60,"column":null}},{"start":{"line":57,"column":15},"end":{"line":60,"column":null}}]},"8":{"loc":{"start":{"line":57,"column":19},"end":{"line":57,"column":37}},"type":"binary-expr","locations":[{"start":{"line":57,"column":19},"end":{"line":57,"column":37}},{"start":{"line":57,"column":41},"end":{"line":57,"column":76}}]},"9":{"loc":{"start":{"line":65,"column":8},"end":{"line":65,"column":56}},"type":"if","locations":[{"start":{"line":65,"column":8},"end":{"line":65,"column":56}},{"start":{"line":65,"column":8},"end":{"line":65,"column":56}}]},"10":{"loc":{"start":{"line":73,"column":8},"end":{"line":74,"column":35}},"type":"if","locations":[{"start":{"line":73,"column":8},"end":{"line":74,"column":35}},{"start":{"line":73,"column":8},"end":{"line":74,"column":35}}]},"11":{"loc":{"start":{"line":73,"column":12},"end":{"line":73,"column":42}},"type":"binary-expr","locations":[{"start":{"line":73,"column":12},"end":{"line":73,"column":42}},{"start":{"line":73,"column":46},"end":{"line":73,"column":59}}]},"12":{"loc":{"start":{"line":79,"column":8},"end":{"line":79,"column":55}},"type":"if","locations":[{"start":{"line":79,"column":8},"end":{"line":79,"column":55}},{"start":{"line":79,"column":8},"end":{"line":79,"column":55}}]},"13":{"loc":{"start":{"line":86,"column":8},"end":{"line":86,"column":52}},"type":"if","locations":[{"start":{"line":86,"column":8},"end":{"line":86,"column":52}},{"start":{"line":86,"column":8},"end":{"line":86,"column":52}}]},"14":{"loc":{"start":{"line":90,"column":8},"end":{"line":90,"column":53}},"type":"if","locations":[{"start":{"line":90,"column":8},"end":{"line":90,"column":53}},{"start":{"line":90,"column":8},"end":{"line":90,"column":53}}]},"15":{"loc":{"start":{"line":94,"column":2},"end":{"line":94,"column":45}},"type":"if","locations":[{"start":{"line":94,"column":2},"end":{"line":94,"column":45}},{"start":{"line":94,"column":2},"end":{"line":94,"column":45}}]},"16":{"loc":{"start":{"line":112,"column":2},"end":{"line":112,"column":74}},"type":"if","locations":[{"start":{"line":112,"column":2},"end":{"line":112,"column":74}},{"start":{"line":112,"column":2},"end":{"line":112,"column":74}}]}},"s":{"0":10,"1":10,"2":10,"3":10,"4":10,"5":10,"6":10,"7":10,"8":28,"9":28,"10":28,"11":1,"12":27,"13":27,"14":27,"15":629,"16":629,"17":73,"18":47,"19":26,"20":16,"21":73,"22":27,"23":6,"24":6,"25":21,"26":27,"27":2,"28":2,"29":1,"30":1,"31":1,"32":1,"33":1,"34":2,"35":9,"36":7,"37":9,"38":9,"39":9,"40":9,"41":9,"42":9,"43":7,"44":9,"45":0,"46":0,"47":0,"48":0,"49":0,"50":0,"51":0,"52":0,"53":0,"54":0,"55":509,"56":79,"57":509,"58":27,"59":21,"60":27,"61":10,"62":116,"63":116,"64":82,"65":80,"66":82,"67":6,"68":6},"f":{"0":28,"1":116,"2":82,"3":6},"b":{"0":[1,27],"1":[73,27,2,9,9,0,0,509],"2":[47,26],"3":[16,10],"4":[6,21],"5":[1,1],"6":[2,1],"7":[1,0],"8":[1,1],"9":[7,2],"10":[7,2],"11":[9,9],"12":[0,0],"13":[0,0],"14":[79,430],"15":[21,6],"16":[80,2]}}
,"/Users/rfarrer/repos/system-props/src/props/background/index.ts": {"path":"/Users/rfarrer/repos/system-props/src/props/background/index.ts","statementMap":{"0":{"start":{"line":3,"column":13},"end":{"line":9,"column":2}},"1":{"start":{"line":11,"column":0},"end":{"line":11,"column":48}},"2":{"start":{"line":12,"column":0},"end":{"line":12,"column":46}},"3":{"start":{"line":13,"column":0},"end":{"line":13,"column":54}},"4":{"start":{"line":14,"column":0},"end":{"line":14,"column":50}},"5":{"start":{"line":16,"column":0},"end":{"line":16,"column":26}}},"fnMap":{},"branchMap":{},"s":{"0":5,"1":5,"2":5,"3":5,"4":5,"5":5},"f":{},"b":{}}
,"/Users/rfarrer/repos/system-props/src/props/border/borderShorthandTransform.ts": {"path":"/Users/rfarrer/repos/system-props/src/props/border/borderShorthandTransform.ts","statementMap":{"0":{"start":{"line":2,"column":0},"end":{"line":2,"column":49}},"1":{"start":{"line":4,"column":51},"end":{"line":35,"column":1}},"2":{"start":{"line":5,"column":6},"end":{"line":5,"column":null}},"3":{"start":{"line":6,"column":8},"end":{"line":6,"column":null}},"4":{"start":{"line":7,"column":7},"end":{"line":7,"column":null}},"5":{"start":{"line":8,"column":8},"end":{"line":8,"column":null}},"6":{"start":{"line":9,"column":5},"end":{"line":9,"column":null}},"7":{"start":{"line":11,"column":2},"end":{"line":13,"column":null}},"8":{"start":{"line":12,"column":4},"end":{"line":12,"column":16}},"9":{"start":{"line":14,"column":15},"end":{"line":14,"column":57}},"10":{"start":{"line":15,"column":2},"end":{"line":17,"column":null}},"11":{"start":{"line":16,"column":4},"end":{"line":16,"column":18}},"12":{"start":{"line":18,"column":34},"end":{"line":18,"column":54}},"13":{"start":{"line":18,"column":15},"end":{"line":18,"column":17}},"14":{"start":{"line":18,"column":22},"end":{"line":18,"column":24}},"15":{"start":{"line":18,"column":29},"end":{"line":18,"column":30}},"16":{"start":{"line":19,"column":22},"end":{"line":22,"column":null}},"17":{"start":{"line":24,"column":22},"end":{"line":27,"column":null}},"18":{"start":{"line":29,"column":22},"end":{"line":32,"column":null}},"19":{"start":{"line":34,"column":2},"end":{"line":34,"column":75}},"20":{"start":{"line":4,"column":13},"end":{"line":4,"column":51}}},"fnMap":{"0":{"name":"(anonymous_0)","decl":{"start":{"line":4,"column":51},"end":{"line":4,"column":52}},"loc":{"start":{"line":10,"column":1},"end":{"line":35,"column":1}}}},"branchMap":{"0":{"loc":{"start":{"line":11,"column":2},"end":{"line":13,"column":null}},"type":"if","locations":[{"start":{"line":11,"column":2},"end":{"line":13,"column":null}},{"start":{"line":11,"column":2},"end":{"line":13,"column":null}}]},"1":{"loc":{"start":{"line":14,"column":19},"end":{"line":14,"column":40}},"type":"binary-expr","locations":[{"start":{"line":14,"column":19},"end":{"line":14,"column":40}},{"start":{"line":14,"column":44},"end":{"line":14,"column":50}}]},"2":{"loc":{"start":{"line":14,"column":31},"end":{"line":14,"column":33}},"type":"cond-expr","locations":[{"start":{"line":14,"column":31},"end":{"line":14,"column":33}},{"start":{"line":14,"column":31},"end":{"line":14,"column":40}}]},"3":{"loc":{"start":{"line":14,"column":19},"end":{"line":14,"column":33}},"type":"binary-expr","locations":[{"start":{"line":14,"column":19},"end":{"line":14,"column":33}},{"start":{"line":14,"column":31},"end":{"line":14,"column":33}}]},"4":{"loc":{"start":{"line":14,"column":24},"end":{"line":14,"column":26}},"type":"cond-expr","locations":[{"start":{"line":14,"column":24},"end":{"line":14,"column":26}},{"start":{"line":14,"column":19},"end":{"line":14,"column":31}}]},"5":{"loc":{"start":{"line":14,"column":19},"end":{"line":14,"column":26}},"type":"binary-expr","locations":[{"start":{"line":14,"column":19},"end":{"line":14,"column":26}},{"start":{"line":14,"column":19},"end":{"line":14,"column":26}}]},"6":{"loc":{"start":{"line":15,"column":2},"end":{"line":17,"column":null}},"type":"if","locations":[{"start":{"line":15,"column":2},"end":{"line":17,"column":null}},{"start":{"line":15,"column":2},"end":{"line":17,"column":null}}]},"7":{"loc":{"start":{"line":20,"column":16},"end":{"line":20,"column":18}},"type":"cond-expr","locations":[{"start":{"line":20,"column":16},"end":{"line":20,"column":18}},{"start":{"line":20,"column":16},"end":{"line":20,"column":30}}]},"8":{"loc":{"start":{"line":20,"column":4},"end":{"line":20,"column":18}},"type":"binary-expr","locations":[{"start":{"line":20,"column":4},"end":{"line":20,"column":18}},{"start":{"line":20,"column":16},"end":{"line":20,"column":18}}]},"9":{"loc":{"start":{"line":20,"column":9},"end":{"line":20,"column":11}},"type":"cond-expr","locations":[{"start":{"line":20,"column":9},"end":{"line":20,"column":11}},{"start":{"line":20,"column":4},"end":{"line":20,"column":16}}]},"10":{"loc":{"start":{"line":20,"column":4},"end":{"line":20,"column":11}},"type":"binary-expr","locations":[{"start":{"line":20,"column":4},"end":{"line":20,"column":11}},{"start":{"line":20,"column":4},"end":{"line":20,"column":11}}]},"11":{"loc":{"start":{"line":22,"column":13},"end":{"line":22,"column":22}},"type":"cond-expr","locations":[{"start":{"line":22,"column":13},"end":{"line":22,"column":22}},{"start":{"line":22,"column":25},"end":{"line":22,"column":30}}]},"12":{"loc":{"start":{"line":25,"column":16},"end":{"line":25,"column":18}},"type":"cond-expr","locations":[{"start":{"line":25,"column":16},"end":{"line":25,"column":18}},{"start":{"line":25,"column":16},"end":{"line":25,"column":30}}]},"13":{"loc":{"start":{"line":25,"column":4},"end":{"line":25,"column":18}},"type":"binary-expr","locations":[{"start":{"line":25,"column":4},"end":{"line":25,"column":18}},{"start":{"line":25,"column":16},"end":{"line":25,"column":18}}]},"14":{"loc":{"start":{"line":25,"column":9},"end":{"line":25,"column":11}},"type":"cond-expr","locations":[{"start":{"line":25,"column":9},"end":{"line":25,"column":11}},{"start":{"line":25,"column":4},"end":{"line":25,"column":16}}]},"15":{"loc":{"start":{"line":25,"column":4},"end":{"line":25,"column":11}},"type":"binary-expr","locations":[{"start":{"line":25,"column":4},"end":{"line":25,"column":11}},{"start":{"line":25,"column":4},"end":{"line":25,"column":11}}]},"16":{"loc":{"start":{"line":27,"column":13},"end":{"line":27,"column":22}},"type":"cond-expr","locations":[{"start":{"line":27,"column":13},"end":{"line":27,"column":22}},{"start":{"line":27,"column":25},"end":{"line":27,"column":30}}]},"17":{"loc":{"start":{"line":30,"column":16},"end":{"line":30,"column":18}},"type":"cond-expr","locations":[{"start":{"line":30,"column":16},"end":{"line":30,"column":18}},{"start":{"line":30,"column":16},"end":{"line":30,"column":24}}]},"18":{"loc":{"start":{"line":30,"column":4},"end":{"line":30,"column":18}},"type":"binary-expr","locations":[{"start":{"line":30,"column":4},"end":{"line":30,"column":18}},{"start":{"line":30,"column":16},"end":{"line":30,"column":18}}]},"19":{"loc":{"start":{"line":30,"column":9},"end":{"line":30,"column":11}},"type":"cond-expr","locations":[{"start":{"line":30,"column":9},"end":{"line":30,"column":11}},{"start":{"line":30,"column":4},"end":{"line":30,"column":16}}]},"20":{"loc":{"start":{"line":30,"column":4},"end":{"line":30,"column":11}},"type":"binary-expr","locations":[{"start":{"line":30,"column":4},"end":{"line":30,"column":11}},{"start":{"line":30,"column":4},"end":{"line":30,"column":11}}]},"21":{"loc":{"start":{"line":32,"column":13},"end":{"line":32,"column":22}},"type":"cond-expr","locations":[{"start":{"line":32,"column":13},"end":{"line":32,"column":22}},{"start":{"line":32,"column":25},"end":{"line":32,"column":30}}]}},"s":{"0":6,"1":6,"2":6,"3":6,"4":6,"5":6,"6":6,"7":6,"8":0,"9":6,"10":6,"11":1,"12":5,"13":5,"14":5,"15":5,"16":5,"17":5,"18":5,"19":5,"20":6},"f":{"0":6},"b":{"0":[0,6],"1":[6,2],"2":[1,5],"3":[6,6],"4":[1,5],"5":[6,6],"6":[1,5],"7":[1,4],"8":[5,5],"9":[1,4],"10":[5,5],"11":[0,5],"12":[1,4],"13":[5,5],"14":[1,4],"15":[5,5],"16":[0,5],"17":[1,4],"18":[5,5],"19":[1,4],"20":[5,5],"21":[0,5]}}
,"/Users/rfarrer/repos/system-props/src/props/border/index.ts": {"path":"/Users/rfarrer/repos/system-props/src/props/border/index.ts","statementMap":{"0":{"start":{"line":2,"column":0},"end":{"line":2,"column":70}},"1":{"start":{"line":4,"column":37},"end":{"line":72,"column":2}},"2":{"start":{"line":74,"column":0},"end":{"line":77,"column":2}},"3":{"start":{"line":79,"column":0},"end":{"line":82,"column":2}},"4":{"start":{"line":83,"column":0},"end":{"line":86,"column":2}},"5":{"start":{"line":87,"column":0},"end":{"line":90,"column":2}},"6":{"start":{"line":91,"column":0},"end":{"line":94,"column":2}},"7":{"start":{"line":95,"column":0},"end":{"line":98,"column":2}},"8":{"start":{"line":99,"column":0},"end":{"line":102,"column":2}},"9":{"start":{"line":103,"column":0},"end":{"line":106,"column":2}},"10":{"start":{"line":107,"column":0},"end":{"line":110,"column":2}},"11":{"start":{"line":111,"column":0},"end":{"line":114,"column":2}},"12":{"start":{"line":115,"column":0},"end":{"line":118,"column":2}},"13":{"start":{"line":119,"column":0},"end":{"line":122,"column":2}},"14":{"start":{"line":123,"column":0},"end":{"line":126,"column":2}},"15":{"start":{"line":127,"column":0},"end":{"line":130,"column":2}},"16":{"start":{"line":131,"column":0},"end":{"line":134,"column":2}},"17":{"start":{"line":135,"column":0},"end":{"line":138,"column":2}},"18":{"start":{"line":140,"column":13},"end":{"line":140,"column":29}}},"fnMap":{},"branchMap":{},"s":{"0":5,"1":5,"2":5,"3":5,"4":5,"5":5,"6":5,"7":5,"8":5,"9":5,"10":5,"11":5,"12":5,"13":5,"14":5,"15":5,"16":5,"17":5,"18":5},"f":{},"b":{}}
,"/Users/rfarrer/repos/system-props/src/props/color/index.ts": {"path":"/Users/rfarrer/repos/system-props/src/props/color/index.ts","statementMap":{"0":{"start":{"line":3,"column":13},"end":{"line":21,"column":2}},"1":{"start":{"line":22,"column":0},"end":{"line":22,"column":33}},"2":{"start":{"line":23,"column":0},"end":{"line":23,"column":30}}},"fnMap":{},"branchMap":{},"s":{"0":5,"1":5,"2":5},"f":{},"b":{}}
,"/Users/rfarrer/repos/system-props/src/props/flexbox/index.ts": {"path":"/Users/rfarrer/repos/system-props/src/props/flexbox/index.ts","statementMap":{"0":{"start":{"line":3,"column":13},"end":{"line":10,"column":2}},"1":{"start":{"line":12,"column":13},"end":{"line":21,"column":2}},"2":{"start":{"line":23,"column":13},"end":{"line":25,"column":null}},"3":{"start":{"line":28,"column":0},"end":{"line":28,"column":23}}},"fnMap":{},"branchMap":{},"s":{"0":5,"1":5,"2":5,"3":5},"f":{},"b":{}}
,"/Users/rfarrer/repos/system-props/src/props/grid/index.ts": {"path":"/Users/rfarrer/repos/system-props/src/props/grid/index.ts","statementMap":{"0":{"start":{"line":3,"column":13},"end":{"line":12,"column":2}},"1":{"start":{"line":14,"column":13},"end":{"line":39,"column":2}},"2":{"start":{"line":41,"column":13},"end":{"line":43,"column":null}},"3":{"start":{"line":46,"column":0},"end":{"line":46,"column":20}}},"fnMap":{},"branchMap":{},"s":{"0":5,"1":5,"2":5,"3":5},"f":{},"b":{}}
,"/Users/rfarrer/repos/system-props/src/props/layout/index.ts": {"path":"/Users/rfarrer/repos/system-props/src/props/layout/index.ts","statementMap":{"0":{"start":{"line":3,"column":13},"end":{"line":37,"column":2}}},"fnMap":{},"branchMap":{},"s":{"0":5},"f":{},"b":{}}
,"/Users/rfarrer/repos/system-props/src/props/position/index.ts": {"path":"/Users/rfarrer/repos/system-props/src/props/position/index.ts","statementMap":{"0":{"start":{"line":2,"column":0},"end":{"line":2,"column":59}},"1":{"start":{"line":4,"column":13},"end":{"line":30,"column":2}}},"fnMap":{},"branchMap":{},"s":{"0":5,"1":5},"f":{},"b":{}}
,"/Users/rfarrer/repos/system-props/src/props/shadow/getShadow.ts": {"path":"/Users/rfarrer/repos/system-props/src/props/shadow/getShadow.ts","statementMap":{"0":{"start":{"line":2,"column":0},"end":{"line":2,"column":49}},"1":{"start":{"line":4,"column":36},"end":{"line":17,"column":1}},"2":{"start":{"line":4,"column":43},"end":{"line":4,"column":45}},"3":{"start":{"line":4,"column":51},"end":{"line":4,"column":53}},"4":{"start":{"line":4,"column":56},"end":{"line":4,"column":58}},"5":{"start":{"line":4,"column":63},"end":{"line":4,"column":65}},"6":{"start":{"line":5,"column":15},"end":{"line":5,"column":32}},"7":{"start":{"line":6,"column":2},"end":{"line":8,"column":null}},"8":{"start":{"line":7,"column":4},"end":{"line":7,"column":18}},"9":{"start":{"line":9,"column":2},"end":{"line":15,"column":null}},"10":{"start":{"line":10,"column":4},"end":{"line":14,"column":18}},"11":{"start":{"line":12,"column":8},"end":{"line":12,"column":null}},"12":{"start":{"line":12,"column":27},"end":{"line":12,"column":63}},"13":{"start":{"line":16,"column":2},"end":{"line":16,"column":14}},"14":{"start":{"line":4,"column":13},"end":{"line":4,"column":36}}},"fnMap":{"0":{"name":"(anonymous_0)","decl":{"start":{"line":4,"column":36},"end":{"line":4,"column":37}},"loc":{"start":{"line":4,"column":65},"end":{"line":17,"column":1}}},"1":{"name":"(anonymous_1)","decl":{"start":{"line":11,"column":11},"end":{"line":11,"column":12}},"loc":{"start":{"line":11,"column":17},"end":{"line":12,"column":13}}},"2":{"name":"(anonymous_2)","decl":{"start":{"line":12,"column":18},"end":{"line":12,"column":19}},"loc":{"start":{"line":12,"column":22},"end":{"line":12,"column":63}}}},"branchMap":{"0":{"loc":{"start":{"line":6,"column":2},"end":{"line":8,"column":null}},"type":"if","locations":[{"start":{"line":6,"column":2},"end":{"line":8,"column":null}},{"start":{"line":6,"column":2},"end":{"line":8,"column":null}}]},"1":{"loc":{"start":{"line":9,"column":2},"end":{"line":15,"column":null}},"type":"if","locations":[{"start":{"line":9,"column":2},"end":{"line":15,"column":null}},{"start":{"line":9,"column":2},"end":{"line":15,"column":null}}]},"2":{"loc":{"start":{"line":12,"column":43},"end":{"line":12,"column":45}},"type":"cond-expr","locations":[{"start":{"line":12,"column":43},"end":{"line":12,"column":45}},{"start":{"line":12,"column":43},"end":{"line":12,"column":51}}]},"3":{"loc":{"start":{"line":12,"column":31},"end":{"line":12,"column":45}},"type":"binary-expr","locations":[{"start":{"line":12,"column":31},"end":{"line":12,"column":45}},{"start":{"line":12,"column":43},"end":{"line":12,"column":45}}]},"4":{"loc":{"start":{"line":12,"column":36},"end":{"line":12,"column":38}},"type":"cond-expr","locations":[{"start":{"line":12,"column":36},"end":{"line":12,"column":38}},{"start":{"line":12,"column":31},"end":{"line":12,"column":43}}]},"5":{"loc":{"start":{"line":12,"column":31},"end":{"line":12,"column":38}},"type":"binary-expr","locations":[{"start":{"line":12,"column":31},"end":{"line":12,"column":38}},{"start":{"line":12,"column":31},"end":{"line":12,"column":38}}]}},"s":{"0":6,"1":6,"2":9,"3":9,"4":9,"5":9,"6":9,"7":9,"8":1,"9":8,"10":8,"11":8,"12":26,"13":0,"14":6},"f":{"0":9,"1":8,"2":26},"b":{"0":[1,8],"1":[8,0],"2":[0,26],"3":[26,26],"4":[0,26],"5":[26,26]}}
,"/Users/rfarrer/repos/system-props/src/props/shadow/index.ts": {"path":"/Users/rfarrer/repos/system-props/src/props/shadow/index.ts","statementMap":{"0":{"start":{"line":2,"column":0},"end":{"line":2,"column":40}},"1":{"start":{"line":4,"column":13},"end":{"line":15,"column":2}}},"fnMap":{},"branchMap":{},"s":{"0":5,"1":5},"f":{},"b":{}}
,"/Users/rfarrer/repos/system-props/src/props/space/index.ts": {"path":"/Users/rfarrer/repos/system-props/src/props/space/index.ts","statementMap":{"0":{"start":{"line":2,"column":0},"end":{"line":2,"column":59}},"1":{"start":{"line":4,"column":29},"end":{"line":45,"column":1}},"2":{"start":{"line":4,"column":36},"end":{"line":4,"column":38}},"3":{"start":{"line":4,"column":44},"end":{"line":4,"column":46}},"4":{"start":{"line":4,"column":51},"end":{"line":4,"column":53}},"5":{"start":{"line":4,"column":59},"end":{"line":4,"column":61}},"6":{"start":{"line":4,"column":64},"end":{"line":4,"column":66}},"7":{"start":{"line":6,"column":2},"end":{"line":11,"column":null}},"8":{"start":{"line":7,"column":19},"end":{"line":7,"column":75}},"9":{"start":{"line":8,"column":4},"end":{"line":10,"column":null}},"10":{"start":{"line":9,"column":6},"end":{"line":9,"column":20}},"11":{"start":{"line":13,"column":2},"end":{"line":42,"column":null}},"12":{"start":{"line":14,"column":16},"end":{"line":14,"column":31}},"13":{"start":{"line":18,"column":4},"end":{"line":20,"column":null}},"14":{"start":{"line":19,"column":6},"end":{"line":19,"column":70}},"15":{"start":{"line":22,"column":4},"end":{"line":41,"column":17}},"16":{"start":{"line":24,"column":20},"end":{"line":30,"column":10}},"17":{"start":{"line":32,"column":8},"end":{"line":37,"column":null}},"18":{"start":{"line":36,"column":10},"end":{"line":36,"column":31}},"19":{"start":{"line":38,"column":8},"end":{"line":38,"column":31}},"20":{"start":{"line":44,"column":2},"end":{"line":44,"column":14}},"21":{"start":{"line":47,"column":30},"end":{"line":82,"column":1}},"22":{"start":{"line":47,"column":44},"end":{"line":47,"column":46}},"23":{"start":{"line":47,"column":52},"end":{"line":47,"column":54}},"24":{"start":{"line":47,"column":59},"end":{"line":47,"column":61}},"25":{"start":{"line":47,"column":67},"end":{"line":47,"column":69}},"26":{"start":{"line":47,"column":72},"end":{"line":47,"column":74}},"27":{"start":{"line":49,"column":2},"end":{"line":54,"column":null}},"28":{"start":{"line":50,"column":19},"end":{"line":50,"column":37}},"29":{"start":{"line":51,"column":4},"end":{"line":53,"column":null}},"30":{"start":{"line":52,"column":6},"end":{"line":52,"column":20}},"31":{"start":{"line":56,"column":2},"end":{"line":79,"column":null}},"32":{"start":{"line":57,"column":16},"end":{"line":57,"column":32}},"33":{"start":{"line":61,"column":4},"end":{"line":63,"column":null}},"34":{"start":{"line":62,"column":6},"end":{"line":62,"column":73}},"35":{"start":{"line":65,"column":4},"end":{"line":78,"column":17}},"36":{"start":{"line":68,"column":20},"end":{"line":68,"column":77}},"37":{"start":{"line":69,"column":8},"end":{"line":74,"column":null}},"38":{"start":{"line":73,"column":10},"end":{"line":73,"column":31}},"39":{"start":{"line":75,"column":8},"end":{"line":75,"column":31}},"40":{"start":{"line":81,"column":2},"end":{"line":81,"column":15}},"41":{"start":{"line":84,"column":13},"end":{"line":120,"column":2}},"42":{"start":{"line":121,"column":0},"end":{"line":121,"column":25}},"43":{"start":{"line":122,"column":0},"end":{"line":122,"column":29}},"44":{"start":{"line":123,"column":0},"end":{"line":123,"column":31}},"45":{"start":{"line":124,"column":0},"end":{"line":124,"column":32}},"46":{"start":{"line":125,"column":0},"end":{"line":125,"column":30}},"47":{"start":{"line":126,"column":0},"end":{"line":126,"column":27}},"48":{"start":{"line":127,"column":0},"end":{"line":127,"column":27}},"49":{"start":{"line":129,"column":13},"end":{"line":165,"column":2}},"50":{"start":{"line":166,"column":0},"end":{"line":166,"column":28}},"51":{"start":{"line":167,"column":0},"end":{"line":167,"column":32}},"52":{"start":{"line":168,"column":0},"end":{"line":168,"column":34}},"53":{"start":{"line":169,"column":0},"end":{"line":169,"column":35}},"54":{"start":{"line":170,"column":0},"end":{"line":170,"column":33}},"55":{"start":{"line":171,"column":0},"end":{"line":171,"column":30}},"56":{"start":{"line":172,"column":0},"end":{"line":172,"column":30}},"57":{"start":{"line":174,"column":13},"end":{"line":174,"column":47}}},"fnMap":{"0":{"name":"(anonymous_0)","decl":{"start":{"line":4,"column":29},"end":{"line":4,"column":30}},"loc":{"start":{"line":4,"column":66},"end":{"line":45,"column":1}}},"1":{"name":"(anonymous_1)","decl":{"start":{"line":23,"column":14},"end":{"line":23,"column":15}},"loc":{"start":{"line":23,"column":42},"end":{"line":39,"column":7}}},"2":{"name":"(anonymous_2)","decl":{"start":{"line":47,"column":30},"end":{"line":47,"column":31}},"loc":{"start":{"line":47,"column":74},"end":{"line":82,"column":1}}},"3":{"name":"(anonymous_3)","decl":{"start":{"line":67,"column":14},"end":{"line":67,"column":15}},"loc":{"start":{"line":67,"column":42},"end":{"line":76,"column":7}}}},"branchMap":{"0":{"loc":{"start":{"line":6,"column":2},"end":{"line":11,"column":null}},"type":"if","locations":[{"start":{"line":6,"column":2},"end":{"line":11,"column":null}},{"start":{"line":6,"column":2},"end":{"line":11,"column":null}}]},"1":{"loc":{"start":{"line":8,"column":4},"end":{"line":10,"column":null}},"type":"if","locations":[{"start":{"line":8,"column":4},"end":{"line":10,"column":null}},{"start":{"line":8,"column":4},"end":{"line":10,"column":null}}]},"2":{"loc":{"start":{"line":13,"column":2},"end":{"line":42,"column":null}},"type":"if","locations":[{"start":{"line":13,"column":2},"end":{"line":42,"column":null}},{"start":{"line":13,"column":2},"end":{"line":42,"column":null}}]},"3":{"loc":{"start":{"line":18,"column":4},"end":{"line":20,"column":null}},"type":"if","locations":[{"start":{"line":18,"column":4},"end":{"line":20,"column":null}},{"start":{"line":18,"column":4},"end":{"line":20,"column":null}}]},"4":{"loc":{"start":{"line":32,"column":8},"end":{"line":37,"column":null}},"type":"if","locations":[{"start":{"line":32,"column":8},"end":{"line":37,"column":null}},{"start":{"line":32,"column":8},"end":{"line":37,"column":null}}]},"5":{"loc":{"start":{"line":49,"column":2},"end":{"line":54,"column":null}},"type":"if","locations":[{"start":{"line":49,"column":2},"end":{"line":54,"column":null}},{"start":{"line":49,"column":2},"end":{"line":54,"column":null}}]},"6":{"loc":{"start":{"line":51,"column":4},"end":{"line":53,"column":null}},"type":"if","locations":[{"start":{"line":51,"column":4},"end":{"line":53,"column":null}},{"start":{"line":51,"column":4},"end":{"line":53,"column":null}}]},"7":{"loc":{"start":{"line":56,"column":2},"end":{"line":79,"column":null}},"type":"if","locations":[{"start":{"line":56,"column":2},"end":{"line":79,"column":null}},{"start":{"line":56,"column":2},"end":{"line":79,"column":null}}]},"8":{"loc":{"start":{"line":61,"column":4},"end":{"line":63,"column":null}},"type":"if","locations":[{"start":{"line":61,"column":4},"end":{"line":63,"column":null}},{"start":{"line":61,"column":4},"end":{"line":63,"column":null}}]},"9":{"loc":{"start":{"line":62,"column":29},"end":{"line":62,"column":31}},"type":"cond-expr","locations":[{"start":{"line":62,"column":29},"end":{"line":62,"column":31}},{"start":{"line":62,"column":29},"end":{"line":62,"column":36}}]},"10":{"loc":{"start":{"line":62,"column":17},"end":{"line":62,"column":31}},"type":"binary-expr","locations":[{"start":{"line":62,"column":17},"end":{"line":62,"column":31}},{"start":{"line":62,"column":29},"end":{"line":62,"column":31}}]},"11":{"loc":{"start":{"line":62,"column":22},"end":{"line":62,"column":24}},"type":"cond-expr","locations":[{"start":{"line":62,"column":22},"end":{"line":62,"column":24}},{"start":{"line":62,"column":17},"end":{"line":62,"column":29}}]},"12":{"loc":{"start":{"line":62,"column":17},"end":{"line":62,"column":24}},"type":"binary-expr","locations":[{"start":{"line":62,"column":17},"end":{"line":62,"column":24}},{"start":{"line":62,"column":17},"end":{"line":62,"column":24}}]},"13":{"loc":{"start":{"line":62,"column":54},"end":{"line":62,"column":63}},"type":"cond-expr","locations":[{"start":{"line":62,"column":54},"end":{"line":62,"column":63}},{"start":{"line":62,"column":66},"end":{"line":62,"column":71}}]},"14":{"loc":{"start":{"line":68,"column":36},"end":{"line":68,"column":38}},"type":"cond-expr","locations":[{"start":{"line":68,"column":36},"end":{"line":68,"column":38}},{"start":{"line":68,"column":36},"end":{"line":68,"column":43}}]},"15":{"loc":{"start":{"line":68,"column":24},"end":{"line":68,"column":38}},"type":"binary-expr","locations":[{"start":{"line":68,"column":24},"end":{"line":68,"column":38}},{"start":{"line":68,"column":36},"end":{"line":68,"column":38}}]},"16":{"loc":{"start":{"line":68,"column":29},"end":{"line":68,"column":31}},"type":"cond-expr","locations":[{"start":{"line":68,"column":29},"end":{"line":68,"column":31}},{"start":{"line":68,"column":24},"end":{"line":68,"column":36}}]},"17":{"loc":{"start":{"line":68,"column":24},"end":{"line":68,"column":31}},"type":"binary-expr","locations":[{"start":{"line":68,"column":24},"end":{"line":68,"column":31}},{"start":{"line":68,"column":24},"end":{"line":68,"column":31}}]},"18":{"loc":{"start":{"line":68,"column":60},"end":{"line":68,"column":69}},"type":"cond-expr","locations":[{"start":{"line":68,"column":60},"end":{"line":68,"column":69}},{"start":{"line":68,"column":72},"end":{"line":68,"column":76}}]},"19":{"loc":{"start":{"line":69,"column":8},"end":{"line":74,"column":null}},"type":"if","locations":[{"start":{"line":69,"column":8},"end":{"line":74,"column":null}},{"start":{"line":69,"column":8},"end":{"line":74,"column":null}}]}},"s":{"0":5,"1":5,"2":41,"3":41,"4":41,"5":41,"6":41,"7":41,"8":7,"9":7,"10":6,"11":35,"12":34,"13":34,"14":30,"15":4,"16":10,"17":10,"18":10,"19":10,"20":1,"21":5,"22":23,"23":23,"24":23,"25":23,"26":23,"27":23,"28":1,"29":1,"30":0,"31":23,"32":22,"33":22,"34":19,"35":3,"36":8,"37":8,"38":6,"39":8,"40":1,"41":5,"42":5,"43":5,"44":5,"45":5,"46":5,"47":5,"48":5,"49":5,"50":5,"51":5,"52":5,"53":5,"54":5,"55":5,"56":5,"57":5},"f":{"0":41,"1":10,"2":23,"3":8},"b":{"0":[7,34],"1":[6,1],"2":[34,1],"3":[30,4],"4":[10,0],"5":[1,22],"6":[0,1],"7":[22,1],"8":[19,3],"9":[0,19],"10":[19,19],"11":[0,19],"12":[19,19],"13":[0,19],"14":[0,8],"15":[8,8],"16":[0,8],"17":[8,8],"18":[0,8],"19":[6,2]}}
,"/Users/rfarrer/repos/system-props/src/props/styled-system-layout/index.ts": {"path":"/Users/rfarrer/repos/system-props/src/props/styled-system-layout/index.ts","statementMap":{"0":{"start":{"line":4,"column":17},"end":{"line":4,"column":40}},"1":{"start":{"line":4,"column":33},"end":{"line":4,"column":68}},"2":{"start":{"line":6,"column":28},"end":{"line":13,"column":1}},"3":{"start":{"line":6,"column":35},"end":{"line":6,"column":37}},"4":{"start":{"line":6,"column":43},"end":{"line":6,"column":45}},"5":{"start":{"line":6,"column":48},"end":{"line":6,"column":50}},"6":{"start":{"line":7,"column":21},"end":{"line":7,"column":25}},"7":{"start":{"line":8,"column":2},"end":{"line":11,"column":null}},"8":{"start":{"line":9,"column":14},"end":{"line":9,"column":28}},"9":{"start":{"line":10,"column":4},"end":{"line":10,"column":48}},"10":{"start":{"line":12,"column":2},"end":{"line":12,"column":41}},"11":{"start":{"line":15,"column":13},"end":{"line":50,"column":2}}},"fnMap":{"0":{"name":"(anonymous_0)","decl":{"start":{"line":4,"column":17},"end":{"line":4,"column":18}},"loc":{"start":{"line":4,"column":28},"end":{"line":4,"column":40}}},"1":{"name":"(anonymous_1)","decl":{"start":{"line":6,"column":28},"end":{"line":6,"column":29}},"loc":{"start":{"line":6,"column":50},"end":{"line":13,"column":1}}}},"branchMap":{"0":{"loc":{"start":{"line":4,"column":33},"end":{"line":4,"column":54}},"type":"binary-expr","locations":[{"start":{"line":4,"column":33},"end":{"line":4,"column":54}},{"start":{"line":4,"column":58},"end":{"line":4,"column":67}}]},"1":{"loc":{"start":{"line":8,"column":2},"end":{"line":11,"column":null}},"type":"if","locations":[{"start":{"line":8,"column":2},"end":{"line":11,"column":null}},{"start":{"line":8,"column":2},"end":{"line":11,"column":null}}]},"2":{"loc":{"start":{"line":10,"column":27},"end":{"line":10,"column":31}},"type":"cond-expr","locations":[{"start":{"line":10,"column":27},"end":{"line":10,"column":31}},{"start":{"line":10,"column":37},"end":{"line":10,"column":47}}]}},"s":{"0":4,"1":4,"2":4,"3":4,"4":4,"5":4,"6":4,"7":4,"8":0,"9":0,"10":4,"11":4},"f":{"0":4,"1":4},"b":{"0":[4,0],"1":[0,4],"2":[0,0]}}
,"/Users/rfarrer/repos/system-props/src/props/transition/index.ts": {"path":"/Users/rfarrer/repos/system-props/src/props/transition/index.ts","statementMap":{"0":{"start":{"line":2,"column":0},"end":{"line":2,"column":49}},"1":{"start":{"line":4,"column":35},"end":{"line":26,"column":1}},"2":{"start":{"line":4,"column":42},"end":{"line":4,"column":44}},"3":{"start":{"line":4,"column":50},"end":{"line":4,"column":52}},"4":{"start":{"line":4,"column":55},"end":{"line":4,"column":57}},"5":{"start":{"line":4,"column":63},"end":{"line":4,"column":65}},"6":{"start":{"line":5,"column":15},"end":{"line":5,"column":32}},"7":{"start":{"line":6,"column":2},"end":{"line":8,"column":null}},"8":{"start":{"line":7,"column":4},"end":{"line":7,"column":18}},"9":{"start":{"line":12,"column":2},"end":{"line":23,"column":null}},"10":{"start":{"line":13,"column":24},"end":{"line":13,"column":43}},"11":{"start":{"line":14,"column":4},"end":{"line":21,"column":18}},"12":{"start":{"line":16,"column":8},"end":{"line":18,"column":null}},"13":{"start":{"line":17,"column":10},"end":{"line":17,"column":80}},"14":{"start":{"line":19,"column":8},"end":{"line":19,"column":36}},"15":{"start":{"line":22,"column":4},"end":{"line":22,"column":18}},"16":{"start":{"line":25,"column":2},"end":{"line":25,"column":14}},"17":{"start":{"line":28,"column":13},"end":{"line":44,"column":2}}},"fnMap":{"0":{"name":"(anonymous_0)","decl":{"start":{"line":4,"column":35},"end":{"line":4,"column":36}},"loc":{"start":{"line":4,"column":65},"end":{"line":26,"column":1}}},"1":{"name":"(anonymous_1)","decl":{"start":{"line":15,"column":11},"end":{"line":15,"column":12}},"loc":{"start":{"line":15,"column":22},"end":{"line":20,"column":7}}}},"branchMap":{"0":{"loc":{"start":{"line":6,"column":2},"end":{"line":8,"column":null}},"type":"if","locations":[{"start":{"line":6,"column":2},"end":{"line":8,"column":null}},{"start":{"line":6,"column":2},"end":{"line":8,"column":null}}]},"1":{"loc":{"start":{"line":12,"column":2},"end":{"line":23,"column":null}},"type":"if","locations":[{"start":{"line":12,"column":2},"end":{"line":23,"column":null}},{"start":{"line":12,"column":2},"end":{"line":23,"column":null}}]},"2":{"loc":{"start":{"line":16,"column":8},"end":{"line":18,"column":null}},"type":"if","locations":[{"start":{"line":16,"column":8},"end":{"line":18,"column":null}},{"start":{"line":16,"column":8},"end":{"line":18,"column":null}}]},"3":{"loc":{"start":{"line":17,"column":53},"end":{"line":17,"column":62}},"type":"cond-expr","locations":[{"start":{"line":17,"column":53},"end":{"line":17,"column":62}},{"start":{"line":17,"column":65},"end":{"line":17,"column":78}}]}},"s":{"0":4,"1":4,"2":3,"3":3,"4":3,"5":3,"6":3,"7":3,"8":0,"9":3,"10":3,"11":3,"12":6,"13":3,"14":3,"15":3,"16":0,"17":4},"f":{"0":3,"1":6},"b":{"0":[0,3],"1":[3,0],"2":[3,3],"3":[0,3]}}
,"/Users/rfarrer/repos/system-props/src/props/typography/index.ts": {"path":"/Users/rfarrer/repos/system-props/src/props/typography/index.ts","statementMap":{"0":{"start":{"line":3,"column":13},"end":{"line":26,"column":2}}},"fnMap":{},"branchMap":{},"s":{"0":5},"f":{},"b":{}}
,"/Users/rfarrer/repos/system-props/src/pseudos/index.ts": {"path":"/Users/rfarrer/repos/system-props/src/pseudos/index.ts","statementMap":{"0":{"start":{"line":1,"column":13},"end":{"line":23,"column":2}}},"fnMap":{},"branchMap":{},"s":{"0":17},"f":{},"b":{}}
}
