TN:
SF:src/css-types.ts
FNF:0
FNH:0
DA:11,0
LF:1
LH:0
BRF:0
BRH:0
end_of_record
TN:
SF:src/index.ts
FN:33,(anonymous_0)
FN:33,(anonymous_1)
FNF:2
FNH:0
FNDA:0,(anonymous_0)
FNDA:0,(anonymous_1)
DA:1,1
DA:14,1
DA:16,1
DA:33,1
DA:34,1
DA:35,1
DA:36,1
DA:37,1
LF:8
LH:8
BRF:0
BRH:0
end_of_record
TN:
SF:src/propNames.ts
FNF:0
FNH:0
DA:1,2
DA:2,2
DA:3,2
DA:4,2
DA:5,2
DA:6,2
DA:7,2
DA:8,2
DA:9,2
DA:10,2
DA:11,2
DA:13,2
DA:27,2
LF:13
LH:13
BRF:0
BRH:0
end_of_record
TN:
SF:src/shouldForwardProp.ts
FN:5,(anonymous_0)
FNF:1
FNH:1
FNDA:154,(anonymous_0)
DA:1,2
DA:3,2
DA:5,2
DA:6,154
LF:4
LH:4
BRF:0
BRH:0
end_of_record
TN:
SF:src/core/createCss.ts
FN:25,(anonymous_0)
FN:32,(anonymous_1)
FN:50,(anonymous_2)
FN:51,(anonymous_3)
FNF:4
FNH:4
FNDA:3,(anonymous_0)
FNDA:204,(anonymous_1)
FNDA:8,(anonymous_2)
FNDA:8,(anonymous_3)
DA:1,15
DA:9,15
DA:11,15
DA:25,15
DA:27,4
DA:29,3
DA:30,3
DA:32,3
DA:33,204
DA:34,204
DA:36,49
DA:41,49
DA:43,155
DA:44,0
DA:46,155
DA:50,3
DA:51,8
DA:52,8
DA:53,0
DA:56,8
DA:57,8
DA:59,8
DA:60,20
DA:63,20
DA:64,6
DA:67,6
DA:68,6
DA:69,6
DA:70,2
DA:71,2
DA:74,4
DA:75,4
DA:78,14
DA:81,14
DA:82,0
DA:83,0
DA:86,14
DA:88,14
DA:90,14
DA:93,8
DA:96,3
LF:41
LH:37
BRDA:27,0,0,1
BRDA:27,0,1,2
BRDA:34,1,0,49
BRDA:34,1,1,155
BRDA:43,2,0,0
BRDA:43,2,1,155
BRDA:52,3,0,0
BRDA:52,3,1,8
BRDA:57,4,0,0
BRDA:57,4,1,8
BRDA:63,5,0,6
BRDA:63,5,1,14
BRDA:63,6,0,20
BRDA:63,6,1,20
BRDA:69,7,0,2
BRDA:69,7,1,4
BRDA:81,8,0,0
BRDA:81,8,1,14
BRF:18
BRH:14
end_of_record
TN:
SF:src/core/createStyleFunction.ts
FN:10,(anonymous_0)
FN:14,(anonymous_1)
FN:32,(anonymous_2)
FN:52,(anonymous_3)
FNF:4
FNH:4
FNDA:146,(anonymous_0)
FNDA:489,(anonymous_1)
FNDA:236,(anonymous_2)
FNDA:255,(anonymous_3)
DA:1,17
DA:10,146
DA:11,146
DA:14,17
DA:15,489
DA:16,489
DA:17,489
DA:18,489
DA:19,489
DA:20,489
DA:22,489
DA:24,489
DA:25,0
DA:30,489
DA:32,489
DA:38,236
DA:40,236
DA:41,236
DA:49,236
DA:50,6
DA:52,230
DA:53,255
DA:54,255
DA:57,230
DA:60,489
DA:61,489
LF:26
LH:25
BRDA:11,0,0,7
BRDA:11,0,1,139
BRDA:18,1,0,264
BRDA:18,1,1,225
BRDA:22,2,0,489
BRDA:22,2,1,422
BRDA:24,3,0,0
BRDA:24,3,1,489
BRDA:24,4,0,489
BRDA:24,4,1,489
BRDA:45,5,0,14
BRDA:45,5,1,222
BRDA:45,6,0,236
BRDA:45,6,1,236
BRDA:49,7,0,6
BRDA:49,7,1,230
BRDA:53,8,0,255
BRDA:53,8,1,0
BRF:18
BRH:16
end_of_record
TN:
SF:src/core/createSystem.ts
FN:24,(anonymous_0)
FN:26,parseBreakpoints
FN:34,(anonymous_2)
FN:41,(anonymous_3)
FN:55,(anonymous_4)
FN:155,(anonymous_5)
FN:157,(anonymous_6)
FN:165,(anonymous_7)
FN:174,(anonymous_8)
FN:176,(anonymous_9)
FNF:10
FNH:10
FNDA:28,(anonymous_0)
FNDA:10,parseBreakpoints
FNDA:309,(anonymous_2)
FNDA:71,(anonymous_3)
FNDA:168,(anonymous_4)
FNDA:567,(anonymous_5)
FNDA:282,(anonymous_6)
FNDA:27,(anonymous_7)
FNDA:27,(anonymous_8)
FNDA:285,(anonymous_9)
DA:1,16
DA:2,16
DA:3,16
DA:12,16
DA:13,16
DA:14,16
DA:24,28
DA:27,10
DA:28,10
DA:29,0
DA:31,10
DA:34,16
DA:36,591
DA:37,591
DA:39,309
DA:41,309
DA:42,71
DA:43,71
DA:46,71
DA:47,71
DA:51,8
DA:52,8
DA:55,71
DA:56,168
DA:57,168
DA:60,168
DA:61,2
DA:64,166
DA:66,166
DA:69,3
DA:72,166
DA:73,34
DA:76,34
DA:77,21
DA:78,0
DA:83,21
DA:88,21
DA:97,13
DA:98,12
DA:99,12
DA:109,133
DA:112,71
DA:114,237
DA:116,2
DA:117,2
DA:118,2
DA:119,4
DA:125,4
DA:126,0
DA:129,0
DA:132,2
DA:136,235
DA:137,71
DA:140,164
DA:144,71
DA:145,6
DA:148,71
DA:151,309
DA:152,309
DA:153,309
DA:155,567
DA:156,309
DA:157,24
DA:158,282
DA:162,309
DA:165,27
DA:166,27
DA:167,27
DA:168,27
DA:174,27
DA:175,27
DA:176,27
DA:177,285
DA:178,285
DA:180,77
DA:185,77
DA:187,208
DA:188,0
DA:190,208
DA:192,27
DA:193,27
DA:196,27
LF:82
LH:77
BRDA:28,0,0,0
BRDA:28,0,1,10
BRDA:36,1,0,282
BRDA:36,1,1,27
BRDA:37,2,0,282
BRDA:37,2,1,27
BRDA:47,3,0,8
BRDA:47,3,1,63
BRDA:48,4,0,71
BRDA:48,4,1,8
BRDA:48,5,0,3
BRDA:48,5,1,68
BRDA:48,6,0,71
BRDA:48,6,1,71
BRDA:60,7,0,2
BRDA:60,7,1,166
BRDA:66,8,0,3
BRDA:66,8,1,163
BRDA:72,9,0,34
BRDA:72,9,1,132
BRDA:74,10,0,34
BRDA:74,10,1,25
BRDA:74,10,2,20
BRDA:74,11,0,0
BRDA:74,11,1,20
BRDA:74,12,0,20
BRDA:74,12,1,20
BRDA:74,13,0,0
BRDA:74,13,1,20
BRDA:74,14,0,20
BRDA:74,14,1,20
BRDA:76,15,0,21
BRDA:76,15,1,13
BRDA:77,16,0,0
BRDA:77,16,1,21
BRDA:83,17,0,21
BRDA:83,17,1,20
BRDA:83,17,2,10
BRDA:97,18,0,12
BRDA:97,18,1,1
BRDA:114,19,0,2
BRDA:114,19,1,235
BRDA:125,20,0,0
BRDA:125,20,1,4
BRDA:136,21,0,71
BRDA:136,21,1,164
BRDA:144,22,0,6
BRDA:144,22,1,65
BRDA:156,23,0,24
BRDA:156,23,1,285
BRDA:173,24,0,23
BRDA:173,24,1,4
BRDA:166,25,0,26
BRDA:166,25,1,1
BRDA:167,26,0,26
BRDA:167,26,1,1
BRDA:168,27,0,25
BRDA:168,27,1,2
BRDA:178,28,0,77
BRDA:178,28,1,208
BRDA:187,29,0,0
BRDA:187,29,1,208
BRF:62
BRH:56
end_of_record
TN:
SF:src/core/get.ts
FN:7,(anonymous_0)
FN:35,(anonymous_1)
FN:49,(anonymous_2)
FN:59,(anonymous_3)
FN:62,(anonymous_4)
FNF:5
FNH:5
FNDA:311,(anonymous_0)
FNDA:221,(anonymous_1)
FNDA:6,(anonymous_2)
FNDA:58,(anonymous_3)
FNDA:280,(anonymous_4)
DA:7,19
DA:8,311
DA:9,11
DA:12,300
DA:15,300
DA:17,300
DA:20,303
DA:21,303
DA:22,301
DA:24,2
DA:28,300
DA:35,19
DA:38,221
DA:39,99
DA:42,221
DA:49,19
DA:50,6
DA:52,6
DA:53,2
DA:56,6
DA:59,19
DA:60,58
DA:62,58
DA:63,280
DA:64,76
DA:67,204
DA:68,67
DA:71,204
DA:73,204
DA:74,63
DA:77,141
DA:79,141
DA:81,141
DA:84,58
DA:87,19
LF:35
LH:35
BRDA:8,0,0,11
BRDA:8,0,1,300
BRDA:12,1,0,292
BRDA:12,1,1,8
BRDA:21,2,0,301
BRDA:21,2,1,2
BRDA:21,3,0,303
BRDA:21,3,1,303
BRDA:21,3,2,297
BRDA:28,4,0,55
BRDA:28,4,1,245
BRDA:38,5,0,99
BRDA:38,5,1,122
BRDA:38,6,0,221
BRDA:38,6,1,177
BRDA:42,7,0,125
BRDA:42,7,1,96
BRDA:52,8,0,2
BRDA:52,8,1,4
BRDA:52,9,0,6
BRDA:52,9,1,4
BRDA:56,10,0,0
BRDA:56,10,1,6
BRDA:63,11,0,76
BRDA:63,11,1,204
BRDA:67,12,0,67
BRDA:67,12,1,137
BRDA:73,13,0,63
BRDA:73,13,1,141
BRF:29
BRH:28
end_of_record
TN:
SF:src/core/index.ts
FN:1,(anonymous_0)
FN:2,(anonymous_1)
FN:3,(anonymous_2)
FNF:3
FNH:3
FNDA:1,(anonymous_0)
FNDA:12,(anonymous_1)
FNDA:1,(anonymous_2)
DA:1,15
DA:2,26
DA:3,15
LF:3
LH:3
BRF:0
BRH:0
end_of_record
TN:
SF:src/core/merge.ts
FN:5,mergeObj
FN:9,(anonymous_1)
FNF:2
FNH:2
FNDA:213,mergeObj
FNDA:179,(anonymous_1)
DA:6,213
DA:9,18
DA:10,179
DA:11,179
DA:12,326
DA:13,309
DA:15,17
DA:19,179
LF:8
LH:8
BRDA:12,0,0,309
BRDA:12,0,1,17
BRDA:12,1,0,326
BRDA:12,1,1,314
BRF:4
BRH:4
end_of_record
TN:
SF:src/core/parseResponsive.ts
FN:10,(anonymous_0)
FN:12,(anonymous_1)
FN:29,(anonymous_2)
FN:56,(anonymous_3)
FNF:4
FNH:4
FNDA:19,(anonymous_0)
FNDA:21,(anonymous_1)
FNDA:61,(anonymous_2)
FNDA:12,(anonymous_3)
DA:10,19
DA:12,16
DA:13,21
DA:14,21
DA:15,21
DA:16,21
DA:17,21
DA:27,21
DA:28,21
DA:29,21
DA:32,61
DA:36,61
DA:38,61
DA:40,61
DA:41,21
DA:43,40
DA:53,21
DA:56,16
DA:57,12
DA:58,12
DA:59,12
DA:60,12
DA:61,12
DA:74,12
DA:75,12
DA:76,12
DA:78,28
DA:79,28
DA:88,28
DA:92,28
DA:93,28
DA:94,9
DA:96,19
DA:97,19
DA:107,12
LF:35
LH:35
BRDA:33,0,0,2
BRDA:33,0,1,59
BRDA:40,1,0,21
BRDA:40,1,1,40
BRDA:89,2,0,2
BRDA:89,2,1,26
BRDA:93,3,0,9
BRDA:93,3,1,19
BRF:8
BRH:8
end_of_record
TN:
SF:src/core/sort.ts
FN:13,(anonymous_0)
FN:16,(anonymous_1)
FN:17,(anonymous_2)
FNF:3
FNH:3
FNDA:6,(anonymous_0)
FNDA:28,(anonymous_1)
FNDA:23,(anonymous_2)
DA:3,16
DA:13,16
DA:14,6
DA:15,6
DA:16,28
DA:18,23
DA:20,6
LF:7
LH:7
BRF:0
BRH:0
end_of_record
TN:
SF:src/props/index.ts
FN:12,(anonymous_0)
FNF:1
FNH:0
FNDA:0,(anonymous_0)
DA:1,3
DA:2,3
DA:3,3
DA:4,3
DA:5,3
DA:6,3
DA:7,3
DA:8,3
DA:9,3
DA:10,3
DA:11,3
DA:12,3
LF:12
LH:12
BRF:0
BRH:0
end_of_record
TN:
SF:src/props/positiveOrNegative.ts
FN:3,(anonymous_0)
FN:5,(anonymous_1)
FNF:2
FNH:2
FNDA:74,(anonymous_0)
FNDA:57,(anonymous_1)
DA:3,74
DA:5,6
DA:6,57
DA:7,57
DA:8,57
DA:9,57
DA:11,57
DA:12,48
DA:13,8
DA:14,8
DA:15,8
DA:16,5
DA:18,3
DA:20,40
DA:23,9
DA:25,9
DA:26,9
DA:27,9
DA:28,9
DA:29,6
DA:32,3
DA:33,0
DA:36,3
LF:23
LH:22
BRDA:3,0,0,74
BRDA:3,0,1,20
BRDA:11,1,0,48
BRDA:11,1,1,9
BRDA:12,2,0,8
BRDA:12,2,1,40
BRDA:12,3,0,48
BRDA:12,3,1,48
BRDA:15,4,0,5
BRDA:15,4,1,3
BRDA:20,5,0,0
BRDA:20,5,1,40
BRDA:27,6,0,0
BRDA:27,6,1,9
BRDA:28,7,0,6
BRDA:28,7,1,3
BRDA:29,8,0,1
BRDA:29,8,1,5
BRDA:32,9,0,0
BRDA:32,9,1,3
BRDA:36,10,0,0
BRDA:36,10,1,3
BRF:22
BRH:18
end_of_record
TN:
SF:src/props/tokenizeValue.ts
FN:23,(anonymous_0)
FN:104,resetCurrentToken
FN:111,addCurrentTokenToGroup
FN:120,addNewTokenGroup
FNF:4
FNH:4
FNDA:28,(anonymous_0)
FNDA:116,resetCurrentToken
FNDA:82,addCurrentTokenToGroup
FNDA:6,addNewTokenGroup
DA:6,10
DA:7,10
DA:8,10
DA:9,10
DA:19,10
DA:20,10
DA:21,10
DA:23,10
DA:24,28
DA:25,28
DA:26,28
DA:27,1
DA:29,27
DA:30,27
DA:31,629
DA:32,629
DA:35,73
DA:36,47
DA:37,26
DA:38,16
DA:40,73
DA:43,27
DA:44,6
DA:45,6
DA:47,21
DA:49,27
DA:53,2
DA:54,2
DA:55,1
DA:56,1
DA:57,1
DA:58,1
DA:59,1
DA:61,2
DA:65,9
DA:66,9
DA:67,9
DA:68,9
DA:71,9
DA:72,9
DA:73,9
DA:74,7
DA:75,9
DA:79,0
DA:80,0
DA:81,0
DA:82,0
DA:84,0
DA:85,0
DA:86,0
DA:87,0
DA:90,509
DA:91,509
DA:94,27
DA:95,27
DA:105,116
DA:106,116
DA:112,82
DA:113,82
DA:121,6
DA:122,6
LF:61
LH:53
BRDA:26,0,0,1
BRDA:26,0,1,27
BRDA:34,1,0,73
BRDA:34,1,1,27
BRDA:34,1,2,2
BRDA:34,1,3,9
BRDA:34,1,4,9
BRDA:34,1,5,0
BRDA:34,1,6,0
BRDA:34,1,7,509
BRDA:35,2,0,47
BRDA:35,2,1,26
BRDA:37,3,0,16
BRDA:37,3,1,10
BRDA:43,4,0,6
BRDA:43,4,1,21
BRDA:54,5,0,1
BRDA:54,5,1,1
BRDA:54,6,0,2
BRDA:54,6,1,1
BRDA:57,7,0,1
BRDA:57,7,1,0
BRDA:57,8,0,1
BRDA:57,8,1,1
BRDA:65,9,0,7
BRDA:65,9,1,2
BRDA:73,10,0,7
BRDA:73,10,1,2
BRDA:73,11,0,9
BRDA:73,11,1,9
BRDA:79,12,0,0
BRDA:79,12,1,0
BRDA:86,13,0,0
BRDA:86,13,1,0
BRDA:90,14,0,79
BRDA:90,14,1,430
BRDA:94,15,0,21
BRDA:94,15,1,6
BRDA:112,16,0,80
BRDA:112,16,1,2
BRF:40
BRH:33
end_of_record
TN:
SF:src/props/background/index.ts
FNF:0
FNH:0
DA:3,5
DA:11,5
DA:12,5
DA:13,5
DA:14,5
DA:16,5
LF:6
LH:6
BRF:0
BRH:0
end_of_record
TN:
SF:src/props/border/borderShorthandTransform.ts
FN:4,(anonymous_0)
FNF:1
FNH:1
FNDA:6,(anonymous_0)
DA:2,6
DA:4,6
DA:5,6
DA:6,6
DA:7,6
DA:8,6
DA:9,6
DA:11,6
DA:12,0
DA:14,6
DA:15,6
DA:16,1
DA:18,5
DA:19,5
DA:24,5
DA:29,5
DA:34,5
LF:17
LH:16
BRDA:11,0,0,0
BRDA:11,0,1,6
BRDA:14,1,0,6
BRDA:14,1,1,2
BRDA:14,2,0,1
BRDA:14,2,1,5
BRDA:14,3,0,6
BRDA:14,3,1,6
BRDA:14,4,0,1
BRDA:14,4,1,5
BRDA:14,5,0,6
BRDA:14,5,1,6
BRDA:15,6,0,1
BRDA:15,6,1,5
BRDA:20,7,0,1
BRDA:20,7,1,4
BRDA:20,8,0,5
BRDA:20,8,1,5
BRDA:20,9,0,1
BRDA:20,9,1,4
BRDA:20,10,0,5
BRDA:20,10,1,5
BRDA:22,11,0,0
BRDA:22,11,1,5
BRDA:25,12,0,1
BRDA:25,12,1,4
BRDA:25,13,0,5
BRDA:25,13,1,5
BRDA:25,14,0,1
BRDA:25,14,1,4
BRDA:25,15,0,5
BRDA:25,15,1,5
BRDA:27,16,0,0
BRDA:27,16,1,5
BRDA:30,17,0,1
BRDA:30,17,1,4
BRDA:30,18,0,5
BRDA:30,18,1,5
BRDA:30,19,0,1
BRDA:30,19,1,4
BRDA:30,20,0,5
BRDA:30,20,1,5
BRDA:32,21,0,0
BRDA:32,21,1,5
BRF:44
BRH:40
end_of_record
TN:
SF:src/props/border/index.ts
FNF:0
FNH:0
DA:2,5
DA:4,5
DA:74,5
DA:79,5
DA:83,5
DA:87,5
DA:91,5
DA:95,5
DA:99,5
DA:103,5
DA:107,5
DA:111,5
DA:115,5
DA:119,5
DA:123,5
DA:127,5
DA:131,5
DA:135,5
DA:140,5
LF:19
LH:19
BRF:0
BRH:0
end_of_record
TN:
SF:src/props/color/index.ts
FNF:0
FNH:0
DA:3,5
DA:22,5
DA:23,5
LF:3
LH:3
BRF:0
BRH:0
end_of_record
TN:
SF:src/props/flexbox/index.ts
FNF:0
FNH:0
DA:3,5
DA:12,5
DA:23,5
DA:28,5
LF:4
LH:4
BRF:0
BRH:0
end_of_record
TN:
SF:src/props/grid/index.ts
FNF:0
FNH:0
DA:3,5
DA:14,5
DA:41,5
DA:46,5
LF:4
LH:4
BRF:0
BRH:0
end_of_record
TN:
SF:src/props/layout/index.ts
FNF:0
FNH:0
DA:3,5
LF:1
LH:1
BRF:0
BRH:0
end_of_record
TN:
SF:src/props/position/index.ts
FNF:0
FNH:0
DA:2,5
DA:4,5
LF:2
LH:2
BRF:0
BRH:0
end_of_record
TN:
SF:src/props/shadow/getShadow.ts
FN:4,(anonymous_0)
FN:11,(anonymous_1)
FN:12,(anonymous_2)
FNF:3
FNH:3
FNDA:9,(anonymous_0)
FNDA:8,(anonymous_1)
FNDA:26,(anonymous_2)
DA:2,6
DA:4,9
DA:5,9
DA:6,9
DA:7,1
DA:9,8
DA:10,8
DA:12,26
DA:16,0
LF:9
LH:8
BRDA:6,0,0,1
BRDA:6,0,1,8
BRDA:9,1,0,8
BRDA:9,1,1,0
BRDA:12,2,0,0
BRDA:12,2,1,26
BRDA:12,3,0,26
BRDA:12,3,1,26
BRDA:12,4,0,0
BRDA:12,4,1,26
BRDA:12,5,0,26
BRDA:12,5,1,26
BRF:12
BRH:9
end_of_record
TN:
SF:src/props/shadow/index.ts
FNF:0
FNH:0
DA:2,5
DA:4,5
LF:2
LH:2
BRF:0
BRH:0
end_of_record
TN:
SF:src/props/space/index.ts
FN:4,(anonymous_0)
FN:23,(anonymous_1)
FN:47,(anonymous_2)
FN:67,(anonymous_3)
FNF:4
FNH:4
FNDA:41,(anonymous_0)
FNDA:10,(anonymous_1)
FNDA:23,(anonymous_2)
FNDA:8,(anonymous_3)
DA:2,5
DA:4,41
DA:6,41
DA:7,7
DA:8,7
DA:9,6
DA:13,35
DA:14,34
DA:18,34
DA:19,30
DA:22,4
DA:24,10
DA:32,10
DA:36,10
DA:38,10
DA:44,1
DA:47,23
DA:49,23
DA:50,1
DA:51,1
DA:52,0
DA:56,23
DA:57,22
DA:61,22
DA:62,19
DA:65,3
DA:68,8
DA:69,8
DA:73,6
DA:75,8
DA:81,1
DA:84,5
DA:121,5
DA:122,5
DA:123,5
DA:124,5
DA:125,5
DA:126,5
DA:127,5
DA:129,5
DA:166,5
DA:167,5
DA:168,5
DA:169,5
DA:170,5
DA:171,5
DA:172,5
DA:174,5
LF:48
LH:47
BRDA:6,0,0,7
BRDA:6,0,1,34
BRDA:8,1,0,6
BRDA:8,1,1,1
BRDA:13,2,0,34
BRDA:13,2,1,1
BRDA:18,3,0,30
BRDA:18,3,1,4
BRDA:32,4,0,10
BRDA:32,4,1,0
BRDA:49,5,0,1
BRDA:49,5,1,22
BRDA:51,6,0,0
BRDA:51,6,1,1
BRDA:56,7,0,22
BRDA:56,7,1,1
BRDA:61,8,0,19
BRDA:61,8,1,3
BRDA:62,9,0,0
BRDA:62,9,1,19
BRDA:62,10,0,19
BRDA:62,10,1,19
BRDA:62,11,0,0
BRDA:62,11,1,19
BRDA:62,12,0,19
BRDA:62,12,1,19
BRDA:62,13,0,0
BRDA:62,13,1,19
BRDA:68,14,0,0
BRDA:68,14,1,8
BRDA:68,15,0,8
BRDA:68,15,1,8
BRDA:68,16,0,0
BRDA:68,16,1,8
BRDA:68,17,0,8
BRDA:68,17,1,8
BRDA:68,18,0,0
BRDA:68,18,1,8
BRDA:69,19,0,6
BRDA:69,19,1,2
BRF:40
BRH:32
end_of_record
TN:
SF:src/props/styled-system-layout/index.ts
FN:4,(anonymous_0)
FN:6,(anonymous_1)
FNF:2
FNH:2
FNDA:4,(anonymous_0)
FNDA:4,(anonymous_1)
DA:4,4
DA:6,4
DA:7,4
DA:8,4
DA:9,0
DA:10,0
DA:12,4
DA:15,4
LF:8
LH:6
BRDA:4,0,0,4
BRDA:4,0,1,0
BRDA:8,1,0,0
BRDA:8,1,1,4
BRDA:10,2,0,0
BRDA:10,2,1,0
BRF:6
BRH:2
end_of_record
TN:
SF:src/props/transition/index.ts
FN:4,(anonymous_0)
FN:15,(anonymous_1)
FNF:2
FNH:2
FNDA:3,(anonymous_0)
FNDA:6,(anonymous_1)
DA:2,4
DA:4,4
DA:5,3
DA:6,3
DA:7,0
DA:12,3
DA:13,3
DA:14,3
DA:16,6
DA:17,3
DA:19,3
DA:22,3
DA:25,0
DA:28,4
LF:14
LH:12
BRDA:6,0,0,0
BRDA:6,0,1,3
BRDA:12,1,0,3
BRDA:12,1,1,0
BRDA:16,2,0,3
BRDA:16,2,1,3
BRDA:17,3,0,0
BRDA:17,3,1,3
BRF:8
BRH:5
end_of_record
TN:
SF:src/props/typography/index.ts
FNF:0
FNH:0
DA:3,5
LF:1
LH:1
BRF:0
BRH:0
end_of_record
TN:
SF:src/pseudos/index.ts
FNF:0
FNH:0
DA:1,17
LF:1
LH:1
BRF:0
BRH:0
end_of_record
